0 info it worked if it ends with ok
1 verbose cli [ '/usr/bin/node', '/usr/bin/npm', 'install', 'path', '--save' ]
2 info using npm@3.5.2
3 info using node@v8.10.0
4 silly loadCurrentTree Starting
5 silly install loadCurrentTree
6 silly install readLocalPackageData
7 silly fetchPackageMetaData path
8 silly fetchNamedPackageData path
9 silly mapToRegistry name path
10 silly mapToRegistry using default registry
11 silly mapToRegistry registry https://registry.npmjs.org/
12 silly mapToRegistry uri https://registry.npmjs.org/path
13 verbose request uri https://registry.npmjs.org/path
14 verbose request no auth needed
15 info attempt registry request try #1 at 10:28:55 PM
16 verbose request id 28d56fae0d482f4c
17 http request GET https://registry.npmjs.org/path
18 http 200 https://registry.npmjs.org/path
19 verbose headers { date: 'Tue, 06 Oct 2020 13:28:58 GMT',
19 verbose headers   'content-type': 'application/json; charset=UTF-8',
19 verbose headers   'transfer-encoding': 'chunked',
19 verbose headers   connection: 'keep-alive',
19 verbose headers   'set-cookie':
19 verbose headers    [ '__cfduid=d570a8c22fde36ae06fe033f6f520c96c1601990938; expires=Thu, 05-Nov-20 13:28:58 GMT; path=/; domain=.npmjs.org; HttpOnly; SameSite=Lax' ],
19 verbose headers   'cf-ray': '5ddfba82eea3e9f8-ICN',
19 verbose headers   age: '6760',
19 verbose headers   'cache-control': 'public, max-age=300',
19 verbose headers   etag: 'W/"84776947ad4fdb086f59caf507bf0533"',
19 verbose headers   'last-modified': 'Sun, 27 May 2018 11:56:57 GMT',
19 verbose headers   vary: 'accept-encoding, accept',
19 verbose headers   'cf-cache-status': 'HIT',
19 verbose headers   'cf-request-id': '059fb2e5d30000e9f85e1bc200000001',
19 verbose headers   'expect-ct': 'max-age=604800, report-uri="https://report-uri.cloudflare.com/cdn-cgi/beacon/expect-ct"',
19 verbose headers   server: 'cloudflare',
19 verbose headers   'content-encoding': 'gzip' }
20 silly get cb [ 200,
20 silly get   { date: 'Tue, 06 Oct 2020 13:28:58 GMT',
20 silly get     'content-type': 'application/json; charset=UTF-8',
20 silly get     'transfer-encoding': 'chunked',
20 silly get     connection: 'keep-alive',
20 silly get     'set-cookie':
20 silly get      [ '__cfduid=d570a8c22fde36ae06fe033f6f520c96c1601990938; expires=Thu, 05-Nov-20 13:28:58 GMT; path=/; domain=.npmjs.org; HttpOnly; SameSite=Lax' ],
20 silly get     'cf-ray': '5ddfba82eea3e9f8-ICN',
20 silly get     age: '6760',
20 silly get     'cache-control': 'public, max-age=300',
20 silly get     etag: 'W/"84776947ad4fdb086f59caf507bf0533"',
20 silly get     'last-modified': 'Sun, 27 May 2018 11:56:57 GMT',
20 silly get     vary: 'accept-encoding, accept',
20 silly get     'cf-cache-status': 'HIT',
20 silly get     'cf-request-id': '059fb2e5d30000e9f85e1bc200000001',
20 silly get     'expect-ct': 'max-age=604800, report-uri="https://report-uri.cloudflare.com/cdn-cgi/beacon/expect-ct"',
20 silly get     server: 'cloudflare',
20 silly get     'content-encoding': 'gzip' } ]
21 verbose get saving path to /home/ebsw/.npm/registry.npmjs.org/path/.cache.json
22 silly install normalizeTree
23 silly loadCurrentTree Finishing
24 silly loadIdealTree Starting
25 silly install loadIdealTree
26 silly cloneCurrentTree Starting
27 silly install cloneCurrentTreeToIdealTree
28 silly cloneCurrentTree Finishing
29 silly loadShrinkwrap Starting
30 silly install loadShrinkwrap
31 silly loadShrinkwrap Finishing
32 silly loadAllDepsIntoIdealTree Starting
33 silly install loadAllDepsIntoIdealTree
34 silly resolveWithNewModule path@0.12.7 checking installable status
35 silly cache add args [ 'path', null ]
36 verbose cache add spec path
37 silly cache add parsed spec Result {
37 silly cache add   raw: 'path',
37 silly cache add   scope: null,
37 silly cache add   name: 'path',
37 silly cache add   rawSpec: '',
37 silly cache add   spec: 'latest',
37 silly cache add   type: 'tag' }
38 silly addNamed path@latest
39 verbose addNamed "latest" is being treated as a dist-tag for path
40 info addNameTag [ 'path', 'latest' ]
41 silly mapToRegistry name path
42 silly mapToRegistry using default registry
43 silly mapToRegistry registry https://registry.npmjs.org/
44 silly mapToRegistry uri https://registry.npmjs.org/path
45 verbose addNameTag registry:https://registry.npmjs.org/path not in flight; fetching
46 verbose get https://registry.npmjs.org/path not expired, no request
47 silly addNameTag next cb for path with tag latest
48 silly addNamed path@0.12.7
49 verbose addNamed "0.12.7" is a plain semver version for path
50 silly mapToRegistry name path
51 silly mapToRegistry using default registry
52 silly mapToRegistry registry https://registry.npmjs.org/
53 silly mapToRegistry uri https://registry.npmjs.org/path
54 verbose addRemoteTarball https://registry.npmjs.org/path/-/path-0.12.7.tgz not in flight; adding
55 verbose addRemoteTarball [ 'https://registry.npmjs.org/path/-/path-0.12.7.tgz',
55 verbose addRemoteTarball   'd4dc2a506c4ce2197eb481ebfcd5b36c0140b10f' ]
56 info retry fetch attempt 1 at 10:28:58 PM
57 info attempt registry request try #1 at 10:28:58 PM
58 http fetch GET https://registry.npmjs.org/path/-/path-0.12.7.tgz
59 http fetch 200 https://registry.npmjs.org/path/-/path-0.12.7.tgz
60 silly fetchAndShaCheck shasum d4dc2a506c4ce2197eb481ebfcd5b36c0140b10f
61 verbose addTmpTarball /tmp/npm-3873-62a032ee/registry.npmjs.org/path/-/path-0.12.7.tgz not in flight; adding
62 verbose addTmpTarball already have metadata; skipping unpack for path@0.12.7
63 silly cache afterAdd path@0.12.7
64 verbose afterAdd /home/ebsw/.npm/path/0.12.7/package/package.json not in flight; writing
65 verbose afterAdd /home/ebsw/.npm/path/0.12.7/package/package.json written
66 silly fetchNamedPackageData process
67 silly mapToRegistry name process
68 silly mapToRegistry using default registry
69 silly mapToRegistry registry https://registry.npmjs.org/
70 silly mapToRegistry uri https://registry.npmjs.org/process
71 silly fetchNamedPackageData util
72 silly mapToRegistry name util
73 silly mapToRegistry using default registry
74 silly mapToRegistry registry https://registry.npmjs.org/
75 silly mapToRegistry uri https://registry.npmjs.org/util
76 verbose request uri https://registry.npmjs.org/process
77 verbose request no auth needed
78 info attempt registry request try #1 at 10:28:58 PM
79 http request GET https://registry.npmjs.org/process
80 verbose request uri https://registry.npmjs.org/util
81 verbose request no auth needed
82 info attempt registry request try #1 at 10:28:58 PM
83 http request GET https://registry.npmjs.org/util
84 http 200 https://registry.npmjs.org/process
85 verbose headers { date: 'Tue, 06 Oct 2020 13:28:58 GMT',
85 verbose headers   'content-type': 'application/json; charset=UTF-8',
85 verbose headers   'transfer-encoding': 'chunked',
85 verbose headers   connection: 'keep-alive',
85 verbose headers   'set-cookie':
85 verbose headers    [ '__cfduid=d570a8c22fde36ae06fe033f6f520c96c1601990938; expires=Thu, 05-Nov-20 13:28:58 GMT; path=/; domain=.npmjs.org; HttpOnly; SameSite=Lax' ],
85 verbose headers   'cf-ray': '5ddfba84fb45e9f8-ICN',
85 verbose headers   age: '7032',
85 verbose headers   'cache-control': 'public, max-age=300',
85 verbose headers   etag: 'W/"980d62d31ba55d66937bf67d3fcba66e"',
85 verbose headers   'last-modified': 'Sun, 27 May 2018 12:55:56 GMT',
85 verbose headers   vary: 'accept-encoding, accept',
85 verbose headers   'cf-cache-status': 'HIT',
85 verbose headers   'cf-request-id': '059fb2e71a0000e9f85e1cb200000001',
85 verbose headers   'expect-ct': 'max-age=604800, report-uri="https://report-uri.cloudflare.com/cdn-cgi/beacon/expect-ct"',
85 verbose headers   server: 'cloudflare',
85 verbose headers   'content-encoding': 'gzip' }
86 silly get cb [ 200,
86 silly get   { date: 'Tue, 06 Oct 2020 13:28:58 GMT',
86 silly get     'content-type': 'application/json; charset=UTF-8',
86 silly get     'transfer-encoding': 'chunked',
86 silly get     connection: 'keep-alive',
86 silly get     'set-cookie':
86 silly get      [ '__cfduid=d570a8c22fde36ae06fe033f6f520c96c1601990938; expires=Thu, 05-Nov-20 13:28:58 GMT; path=/; domain=.npmjs.org; HttpOnly; SameSite=Lax' ],
86 silly get     'cf-ray': '5ddfba84fb45e9f8-ICN',
86 silly get     age: '7032',
86 silly get     'cache-control': 'public, max-age=300',
86 silly get     etag: 'W/"980d62d31ba55d66937bf67d3fcba66e"',
86 silly get     'last-modified': 'Sun, 27 May 2018 12:55:56 GMT',
86 silly get     vary: 'accept-encoding, accept',
86 silly get     'cf-cache-status': 'HIT',
86 silly get     'cf-request-id': '059fb2e71a0000e9f85e1cb200000001',
86 silly get     'expect-ct': 'max-age=604800, report-uri="https://report-uri.cloudflare.com/cdn-cgi/beacon/expect-ct"',
86 silly get     server: 'cloudflare',
86 silly get     'content-encoding': 'gzip' } ]
87 verbose get saving process to /home/ebsw/.npm/registry.npmjs.org/process/.cache.json
88 silly resolveWithNewModule process@0.11.10 checking installable status
89 silly cache add args [ 'process@^0.11.1', null ]
90 verbose cache add spec process@^0.11.1
91 silly cache add parsed spec Result {
91 silly cache add   raw: 'process@^0.11.1',
91 silly cache add   scope: null,
91 silly cache add   name: 'process',
91 silly cache add   rawSpec: '^0.11.1',
91 silly cache add   spec: '>=0.11.1 <0.12.0',
91 silly cache add   type: 'range' }
92 silly addNamed process@>=0.11.1 <0.12.0
93 verbose addNamed ">=0.11.1 <0.12.0" is a valid semver range for process
94 silly addNameRange { name: 'process', range: '>=0.11.1 <0.12.0', hasData: false }
95 silly mapToRegistry name process
96 silly mapToRegistry using default registry
97 silly mapToRegistry registry https://registry.npmjs.org/
98 silly mapToRegistry uri https://registry.npmjs.org/process
99 verbose addNameRange registry:https://registry.npmjs.org/process not in flight; fetching
100 verbose get https://registry.npmjs.org/process not expired, no request
101 silly addNameRange number 2 { name: 'process', range: '>=0.11.1 <0.12.0', hasData: true }
102 silly addNameRange versions [ 'process',
102 silly addNameRange   [ '0.4.9',
102 silly addNameRange     '0.5.0',
102 silly addNameRange     '0.5.1',
102 silly addNameRange     '0.5.2',
102 silly addNameRange     '0.6.0',
102 silly addNameRange     '0.7.0',
102 silly addNameRange     '0.8.0',
102 silly addNameRange     '0.9.0',
102 silly addNameRange     '0.10.0',
102 silly addNameRange     '0.10.1',
102 silly addNameRange     '0.11.0',
102 silly addNameRange     '0.11.1',
102 silly addNameRange     '0.11.2',
102 silly addNameRange     '0.11.3',
102 silly addNameRange     '0.11.4',
102 silly addNameRange     '0.11.5',
102 silly addNameRange     '0.11.6',
102 silly addNameRange     '0.11.7',
102 silly addNameRange     '0.11.8',
102 silly addNameRange     '0.11.9',
102 silly addNameRange     '0.11.10' ] ]
103 silly addNamed process@0.11.10
104 verbose addNamed "0.11.10" is a plain semver version for process
105 silly mapToRegistry name process
106 silly mapToRegistry using default registry
107 silly mapToRegistry registry https://registry.npmjs.org/
108 silly mapToRegistry uri https://registry.npmjs.org/process
109 verbose addRemoteTarball https://registry.npmjs.org/process/-/process-0.11.10.tgz not in flight; adding
110 verbose addRemoteTarball [ 'https://registry.npmjs.org/process/-/process-0.11.10.tgz',
110 verbose addRemoteTarball   '7332300e840161bda3e69a1d1d91a7d4bc16f182' ]
111 info retry fetch attempt 1 at 10:28:58 PM
112 info attempt registry request try #1 at 10:28:58 PM
113 http fetch GET https://registry.npmjs.org/process/-/process-0.11.10.tgz
114 http 200 https://registry.npmjs.org/util
115 verbose headers { date: 'Tue, 06 Oct 2020 13:28:58 GMT',
115 verbose headers   'content-type': 'application/json',
115 verbose headers   'transfer-encoding': 'chunked',
115 verbose headers   connection: 'keep-alive',
115 verbose headers   'set-cookie':
115 verbose headers    [ '__cfduid=df763cd9251e51bb6e075f3dce6135d3c1601990938; expires=Thu, 05-Nov-20 13:28:58 GMT; path=/; domain=.npmjs.org; HttpOnly; SameSite=Lax' ],
115 verbose headers   'cf-ray': '5ddfba852eb6015c-ICN',
115 verbose headers   age: '464',
115 verbose headers   'cache-control': 'public, max-age=300',
115 verbose headers   etag: 'W/"581090a252d1f89bbf16d723bd6775ad"',
115 verbose headers   'last-modified': 'Thu, 30 Apr 2020 09:09:06 GMT',
115 verbose headers   vary: 'accept-encoding, accept',
115 verbose headers   'cf-cache-status': 'HIT',
115 verbose headers   'cf-request-id': '059fb2e7370000015c42329200000001',
115 verbose headers   'expect-ct': 'max-age=604800, report-uri="https://report-uri.cloudflare.com/cdn-cgi/beacon/expect-ct"',
115 verbose headers   server: 'cloudflare',
115 verbose headers   'content-encoding': 'gzip' }
116 silly get cb [ 200,
116 silly get   { date: 'Tue, 06 Oct 2020 13:28:58 GMT',
116 silly get     'content-type': 'application/json',
116 silly get     'transfer-encoding': 'chunked',
116 silly get     connection: 'keep-alive',
116 silly get     'set-cookie':
116 silly get      [ '__cfduid=df763cd9251e51bb6e075f3dce6135d3c1601990938; expires=Thu, 05-Nov-20 13:28:58 GMT; path=/; domain=.npmjs.org; HttpOnly; SameSite=Lax' ],
116 silly get     'cf-ray': '5ddfba852eb6015c-ICN',
116 silly get     age: '464',
116 silly get     'cache-control': 'public, max-age=300',
116 silly get     etag: 'W/"581090a252d1f89bbf16d723bd6775ad"',
116 silly get     'last-modified': 'Thu, 30 Apr 2020 09:09:06 GMT',
116 silly get     vary: 'accept-encoding, accept',
116 silly get     'cf-cache-status': 'HIT',
116 silly get     'cf-request-id': '059fb2e7370000015c42329200000001',
116 silly get     'expect-ct': 'max-age=604800, report-uri="https://report-uri.cloudflare.com/cdn-cgi/beacon/expect-ct"',
116 silly get     server: 'cloudflare',
116 silly get     'content-encoding': 'gzip' } ]
117 verbose get saving util to /home/ebsw/.npm/registry.npmjs.org/util/.cache.json
118 silly resolveWithNewModule util@0.10.4 checking installable status
119 silly cache add args [ 'util@^0.10.3', null ]
120 verbose cache add spec util@^0.10.3
121 silly cache add parsed spec Result {
121 silly cache add   raw: 'util@^0.10.3',
121 silly cache add   scope: null,
121 silly cache add   name: 'util',
121 silly cache add   rawSpec: '^0.10.3',
121 silly cache add   spec: '>=0.10.3 <0.11.0',
121 silly cache add   type: 'range' }
122 silly addNamed util@>=0.10.3 <0.11.0
123 verbose addNamed ">=0.10.3 <0.11.0" is a valid semver range for util
124 silly addNameRange { name: 'util', range: '>=0.10.3 <0.11.0', hasData: false }
125 silly mapToRegistry name util
126 silly mapToRegistry using default registry
127 silly mapToRegistry registry https://registry.npmjs.org/
128 silly mapToRegistry uri https://registry.npmjs.org/util
129 verbose addNameRange registry:https://registry.npmjs.org/util not in flight; fetching
130 http fetch 200 https://registry.npmjs.org/process/-/process-0.11.10.tgz
131 verbose get https://registry.npmjs.org/util not expired, no request
132 silly addNameRange number 2 { name: 'util', range: '>=0.10.3 <0.11.0', hasData: true }
133 silly addNameRange versions [ 'util',
133 silly addNameRange   [ '0.4.9',
133 silly addNameRange     '0.10.0',
133 silly addNameRange     '0.10.1',
133 silly addNameRange     '0.10.2',
133 silly addNameRange     '0.10.3',
133 silly addNameRange     '0.10.4',
133 silly addNameRange     '0.11.0',
133 silly addNameRange     '0.11.1',
133 silly addNameRange     '0.12.0',
133 silly addNameRange     '0.12.1',
133 silly addNameRange     '0.12.2',
133 silly addNameRange     '0.12.3' ] ]
134 silly addNamed util@0.10.4
135 verbose addNamed "0.10.4" is a plain semver version for util
136 silly fetchAndShaCheck shasum 7332300e840161bda3e69a1d1d91a7d4bc16f182
137 silly mapToRegistry name util
138 silly mapToRegistry using default registry
139 silly mapToRegistry registry https://registry.npmjs.org/
140 silly mapToRegistry uri https://registry.npmjs.org/util
141 verbose addRemoteTarball https://registry.npmjs.org/util/-/util-0.10.4.tgz not in flight; adding
142 verbose addRemoteTarball [ 'https://registry.npmjs.org/util/-/util-0.10.4.tgz',
142 verbose addRemoteTarball   '3aa0125bfe668a4672de58857d3ace27ecb76901' ]
143 verbose addTmpTarball /tmp/npm-3873-62a032ee/registry.npmjs.org/process/-/process-0.11.10.tgz not in flight; adding
144 verbose addTmpTarball already have metadata; skipping unpack for process@0.11.10
145 info retry fetch attempt 1 at 10:28:58 PM
146 info attempt registry request try #1 at 10:28:58 PM
147 http fetch GET https://registry.npmjs.org/util/-/util-0.10.4.tgz
148 silly cache afterAdd process@0.11.10
149 verbose afterAdd /home/ebsw/.npm/process/0.11.10/package/package.json not in flight; writing
150 verbose afterAdd /home/ebsw/.npm/process/0.11.10/package/package.json written
151 http fetch 200 https://registry.npmjs.org/util/-/util-0.10.4.tgz
152 silly fetchAndShaCheck shasum 3aa0125bfe668a4672de58857d3ace27ecb76901
153 verbose addTmpTarball /tmp/npm-3873-62a032ee/registry.npmjs.org/util/-/util-0.10.4.tgz not in flight; adding
154 verbose addTmpTarball already have metadata; skipping unpack for util@0.10.4
155 silly cache afterAdd util@0.10.4
156 verbose afterAdd /home/ebsw/.npm/util/0.10.4/package/package.json not in flight; writing
157 verbose afterAdd /home/ebsw/.npm/util/0.10.4/package/package.json written
158 silly loadAllDepsIntoIdealTree Finishing
159 silly idealTree:prePrune ebsw2020api@1.0.0
159 silly idealTree:prePrune ├── accepts@1.3.7
159 silly idealTree:prePrune ├── ajv@6.12.4
159 silly idealTree:prePrune ├── array-flatten@1.1.1
159 silly idealTree:prePrune ├── asn1@0.2.4
159 silly idealTree:prePrune ├── assert-plus@1.0.0
159 silly idealTree:prePrune ├── asynckit@0.4.0
159 silly idealTree:prePrune ├── aws-sign2@0.7.0
159 silly idealTree:prePrune ├── aws4@1.10.1
159 silly idealTree:prePrune ├── bcrypt-pbkdf@1.0.2
159 silly idealTree:prePrune ├── bignumber.js@9.0.0
159 silly idealTree:prePrune ├── body-parser@1.19.0
159 silly idealTree:prePrune ├── bytes@3.1.0
159 silly idealTree:prePrune ├── caseless@0.12.0
159 silly idealTree:prePrune ├── combined-stream@1.0.8
159 silly idealTree:prePrune ├── content-disposition@0.5.3
159 silly idealTree:prePrune ├── content-type@1.0.4
159 silly idealTree:prePrune ├── cookie-signature@1.0.6
159 silly idealTree:prePrune ├── cookie@0.4.0
159 silly idealTree:prePrune ├── core-util-is@1.0.2
159 silly idealTree:prePrune ├── dashdash@1.14.1
159 silly idealTree:prePrune ├── debug@2.6.9
159 silly idealTree:prePrune ├── delayed-stream@1.0.0
159 silly idealTree:prePrune ├── depd@1.1.2
159 silly idealTree:prePrune ├── destroy@1.0.4
159 silly idealTree:prePrune ├── ecc-jsbn@0.1.2
159 silly idealTree:prePrune ├── ee-first@1.1.1
159 silly idealTree:prePrune ├── encodeurl@1.0.2
159 silly idealTree:prePrune ├── escape-html@1.0.3
159 silly idealTree:prePrune ├── etag@1.8.1
159 silly idealTree:prePrune ├── express@4.17.1
159 silly idealTree:prePrune ├── extend@3.0.2
159 silly idealTree:prePrune ├── extsprintf@1.3.0
159 silly idealTree:prePrune ├── fast-deep-equal@3.1.3
159 silly idealTree:prePrune ├── fast-json-stable-stringify@2.1.0
159 silly idealTree:prePrune ├── finalhandler@1.1.2
159 silly idealTree:prePrune ├── forever-agent@0.6.1
159 silly idealTree:prePrune ├── form-data@2.3.3
159 silly idealTree:prePrune ├── forwarded@0.1.2
159 silly idealTree:prePrune ├── fresh@0.5.2
159 silly idealTree:prePrune ├── fs@0.0.1-security
159 silly idealTree:prePrune ├── getpass@0.1.7
159 silly idealTree:prePrune ├── har-schema@2.0.0
159 silly idealTree:prePrune ├── har-validator@5.1.5
159 silly idealTree:prePrune ├── http-errors@1.7.2
159 silly idealTree:prePrune ├── http-signature@1.2.0
159 silly idealTree:prePrune ├── iconv-lite@0.4.24
159 silly idealTree:prePrune ├── inherits@2.0.3
159 silly idealTree:prePrune ├── ipaddr.js@1.9.1
159 silly idealTree:prePrune ├── is-typedarray@1.0.0
159 silly idealTree:prePrune ├── isarray@1.0.0
159 silly idealTree:prePrune ├── isstream@0.1.2
159 silly idealTree:prePrune ├── jsbn@0.1.1
159 silly idealTree:prePrune ├── json-schema-traverse@0.4.1
159 silly idealTree:prePrune ├── json-schema@0.2.3
159 silly idealTree:prePrune ├── json-stringify-safe@5.0.1
159 silly idealTree:prePrune ├── json@10.0.0
159 silly idealTree:prePrune ├── jsprim@1.4.1
159 silly idealTree:prePrune ├── media-typer@0.3.0
159 silly idealTree:prePrune ├── merge-descriptors@1.0.1
159 silly idealTree:prePrune ├── methods@1.1.2
159 silly idealTree:prePrune ├── mime-db@1.44.0
159 silly idealTree:prePrune ├── mime-types@2.1.27
159 silly idealTree:prePrune ├── mime@1.6.0
159 silly idealTree:prePrune ├── ms@2.0.0
159 silly idealTree:prePrune ├── mysql@2.18.1
159 silly idealTree:prePrune ├── negotiator@0.6.2
159 silly idealTree:prePrune ├── oauth-sign@0.9.0
159 silly idealTree:prePrune ├── on-finished@2.3.0
159 silly idealTree:prePrune ├── parseurl@1.3.3
159 silly idealTree:prePrune ├── path-to-regexp@0.1.7
159 silly idealTree:prePrune ├── path@0.12.7
159 silly idealTree:prePrune ├── performance-now@2.1.0
159 silly idealTree:prePrune ├── process-nextick-args@2.0.1
159 silly idealTree:prePrune ├── process@0.11.10
159 silly idealTree:prePrune ├── proxy-addr@2.0.6
159 silly idealTree:prePrune ├── psl@1.8.0
159 silly idealTree:prePrune ├── punycode@2.1.1
159 silly idealTree:prePrune ├── qs@6.7.0
159 silly idealTree:prePrune ├── range-parser@1.2.1
159 silly idealTree:prePrune ├── raw-body@2.4.0
159 silly idealTree:prePrune ├── readable-stream@2.3.7
159 silly idealTree:prePrune ├─┬ request@2.88.2
159 silly idealTree:prePrune │ └── qs@6.5.2
159 silly idealTree:prePrune ├── safe-buffer@5.1.2
159 silly idealTree:prePrune ├── safer-buffer@2.1.2
159 silly idealTree:prePrune ├── sax@1.2.4
159 silly idealTree:prePrune ├─┬ send@0.17.1
159 silly idealTree:prePrune │ └── ms@2.1.1
159 silly idealTree:prePrune ├── serve-static@1.14.1
159 silly idealTree:prePrune ├── setprototypeof@1.1.1
159 silly idealTree:prePrune ├── sqlstring@2.3.1
159 silly idealTree:prePrune ├── sshpk@1.16.1
159 silly idealTree:prePrune ├── statuses@1.5.0
159 silly idealTree:prePrune ├── string_decoder@1.1.1
159 silly idealTree:prePrune ├── toidentifier@1.0.0
159 silly idealTree:prePrune ├── tough-cookie@2.5.0
159 silly idealTree:prePrune ├── tunnel-agent@0.6.0
159 silly idealTree:prePrune ├── tweetnacl@0.14.5
159 silly idealTree:prePrune ├── type-is@1.6.18
159 silly idealTree:prePrune ├── unpipe@1.0.0
159 silly idealTree:prePrune ├── uri-js@4.4.0
159 silly idealTree:prePrune ├── util-deprecate@1.0.2
159 silly idealTree:prePrune ├── util@0.10.4
159 silly idealTree:prePrune ├── utils-merge@1.0.1
159 silly idealTree:prePrune ├── uuid@3.4.0
159 silly idealTree:prePrune ├── vary@1.1.2
159 silly idealTree:prePrune ├── verror@1.10.0
159 silly idealTree:prePrune └── xml-js@1.6.11
160 silly loadIdealTree Finishing
161 silly currentTree ebsw2020api@1.0.0
161 silly currentTree ├── accepts@1.3.7
161 silly currentTree ├── ajv@6.12.4
161 silly currentTree ├── array-flatten@1.1.1
161 silly currentTree ├── asn1@0.2.4
161 silly currentTree ├── assert-plus@1.0.0
161 silly currentTree ├── asynckit@0.4.0
161 silly currentTree ├── aws-sign2@0.7.0
161 silly currentTree ├── aws4@1.10.1
161 silly currentTree ├── bcrypt-pbkdf@1.0.2
161 silly currentTree ├── bignumber.js@9.0.0
161 silly currentTree ├── body-parser@1.19.0
161 silly currentTree ├── bytes@3.1.0
161 silly currentTree ├── caseless@0.12.0
161 silly currentTree ├── combined-stream@1.0.8
161 silly currentTree ├── content-disposition@0.5.3
161 silly currentTree ├── content-type@1.0.4
161 silly currentTree ├── cookie-signature@1.0.6
161 silly currentTree ├── cookie@0.4.0
161 silly currentTree ├── core-util-is@1.0.2
161 silly currentTree ├── dashdash@1.14.1
161 silly currentTree ├── debug@2.6.9
161 silly currentTree ├── delayed-stream@1.0.0
161 silly currentTree ├── depd@1.1.2
161 silly currentTree ├── destroy@1.0.4
161 silly currentTree ├── ecc-jsbn@0.1.2
161 silly currentTree ├── ee-first@1.1.1
161 silly currentTree ├── encodeurl@1.0.2
161 silly currentTree ├── escape-html@1.0.3
161 silly currentTree ├── etag@1.8.1
161 silly currentTree ├── express@4.17.1
161 silly currentTree ├── extend@3.0.2
161 silly currentTree ├── extsprintf@1.3.0
161 silly currentTree ├── fast-deep-equal@3.1.3
161 silly currentTree ├── fast-json-stable-stringify@2.1.0
161 silly currentTree ├── finalhandler@1.1.2
161 silly currentTree ├── forever-agent@0.6.1
161 silly currentTree ├── form-data@2.3.3
161 silly currentTree ├── forwarded@0.1.2
161 silly currentTree ├── fresh@0.5.2
161 silly currentTree ├── fs@0.0.1-security
161 silly currentTree ├── getpass@0.1.7
161 silly currentTree ├── har-schema@2.0.0
161 silly currentTree ├── har-validator@5.1.5
161 silly currentTree ├── http-errors@1.7.2
161 silly currentTree ├── http-signature@1.2.0
161 silly currentTree ├── iconv-lite@0.4.24
161 silly currentTree ├── inherits@2.0.3
161 silly currentTree ├── ipaddr.js@1.9.1
161 silly currentTree ├── is-typedarray@1.0.0
161 silly currentTree ├── isarray@1.0.0
161 silly currentTree ├── isstream@0.1.2
161 silly currentTree ├── jsbn@0.1.1
161 silly currentTree ├── json-schema-traverse@0.4.1
161 silly currentTree ├── json-schema@0.2.3
161 silly currentTree ├── json-stringify-safe@5.0.1
161 silly currentTree ├── json@10.0.0
161 silly currentTree ├── jsprim@1.4.1
161 silly currentTree ├── media-typer@0.3.0
161 silly currentTree ├── merge-descriptors@1.0.1
161 silly currentTree ├── methods@1.1.2
161 silly currentTree ├── mime-db@1.44.0
161 silly currentTree ├── mime-types@2.1.27
161 silly currentTree ├── mime@1.6.0
161 silly currentTree ├── ms@2.0.0
161 silly currentTree ├── mysql@2.18.1
161 silly currentTree ├── negotiator@0.6.2
161 silly currentTree ├── oauth-sign@0.9.0
161 silly currentTree ├── on-finished@2.3.0
161 silly currentTree ├── parseurl@1.3.3
161 silly currentTree ├── path-to-regexp@0.1.7
161 silly currentTree ├── performance-now@2.1.0
161 silly currentTree ├── process-nextick-args@2.0.1
161 silly currentTree ├── proxy-addr@2.0.6
161 silly currentTree ├── psl@1.8.0
161 silly currentTree ├── punycode@2.1.1
161 silly currentTree ├── qs@6.7.0
161 silly currentTree ├── range-parser@1.2.1
161 silly currentTree ├── raw-body@2.4.0
161 silly currentTree ├── readable-stream@2.3.7
161 silly currentTree ├─┬ request@2.88.2
161 silly currentTree │ └── qs@6.5.2
161 silly currentTree ├── safe-buffer@5.1.2
161 silly currentTree ├── safer-buffer@2.1.2
161 silly currentTree ├── sax@1.2.4
161 silly currentTree ├─┬ send@0.17.1
161 silly currentTree │ └── ms@2.1.1
161 silly currentTree ├── serve-static@1.14.1
161 silly currentTree ├── setprototypeof@1.1.1
161 silly currentTree ├── sqlstring@2.3.1
161 silly currentTree ├── sshpk@1.16.1
161 silly currentTree ├── statuses@1.5.0
161 silly currentTree ├── string_decoder@1.1.1
161 silly currentTree ├── toidentifier@1.0.0
161 silly currentTree ├── tough-cookie@2.5.0
161 silly currentTree ├── tunnel-agent@0.6.0
161 silly currentTree ├── tweetnacl@0.14.5
161 silly currentTree ├── type-is@1.6.18
161 silly currentTree ├── unpipe@1.0.0
161 silly currentTree ├── uri-js@4.4.0
161 silly currentTree ├── util-deprecate@1.0.2
161 silly currentTree ├── utils-merge@1.0.1
161 silly currentTree ├── uuid@3.4.0
161 silly currentTree ├── vary@1.1.2
161 silly currentTree ├── verror@1.10.0
161 silly currentTree └── xml-js@1.6.11
162 silly idealTree ebsw2020api@1.0.0
162 silly idealTree ├── accepts@1.3.7
162 silly idealTree ├── ajv@6.12.4
162 silly idealTree ├── array-flatten@1.1.1
162 silly idealTree ├── asn1@0.2.4
162 silly idealTree ├── assert-plus@1.0.0
162 silly idealTree ├── asynckit@0.4.0
162 silly idealTree ├── aws-sign2@0.7.0
162 silly idealTree ├── aws4@1.10.1
162 silly idealTree ├── bcrypt-pbkdf@1.0.2
162 silly idealTree ├── bignumber.js@9.0.0
162 silly idealTree ├── body-parser@1.19.0
162 silly idealTree ├── bytes@3.1.0
162 silly idealTree ├── caseless@0.12.0
162 silly idealTree ├── combined-stream@1.0.8
162 silly idealTree ├── content-disposition@0.5.3
162 silly idealTree ├── content-type@1.0.4
162 silly idealTree ├── cookie-signature@1.0.6
162 silly idealTree ├── cookie@0.4.0
162 silly idealTree ├── core-util-is@1.0.2
162 silly idealTree ├── dashdash@1.14.1
162 silly idealTree ├── debug@2.6.9
162 silly idealTree ├── delayed-stream@1.0.0
162 silly idealTree ├── depd@1.1.2
162 silly idealTree ├── destroy@1.0.4
162 silly idealTree ├── ecc-jsbn@0.1.2
162 silly idealTree ├── ee-first@1.1.1
162 silly idealTree ├── encodeurl@1.0.2
162 silly idealTree ├── escape-html@1.0.3
162 silly idealTree ├── etag@1.8.1
162 silly idealTree ├── express@4.17.1
162 silly idealTree ├── extend@3.0.2
162 silly idealTree ├── extsprintf@1.3.0
162 silly idealTree ├── fast-deep-equal@3.1.3
162 silly idealTree ├── fast-json-stable-stringify@2.1.0
162 silly idealTree ├── finalhandler@1.1.2
162 silly idealTree ├── forever-agent@0.6.1
162 silly idealTree ├── form-data@2.3.3
162 silly idealTree ├── forwarded@0.1.2
162 silly idealTree ├── fresh@0.5.2
162 silly idealTree ├── fs@0.0.1-security
162 silly idealTree ├── getpass@0.1.7
162 silly idealTree ├── har-schema@2.0.0
162 silly idealTree ├── har-validator@5.1.5
162 silly idealTree ├── http-errors@1.7.2
162 silly idealTree ├── http-signature@1.2.0
162 silly idealTree ├── iconv-lite@0.4.24
162 silly idealTree ├── inherits@2.0.3
162 silly idealTree ├── ipaddr.js@1.9.1
162 silly idealTree ├── is-typedarray@1.0.0
162 silly idealTree ├── isarray@1.0.0
162 silly idealTree ├── isstream@0.1.2
162 silly idealTree ├── jsbn@0.1.1
162 silly idealTree ├── json-schema-traverse@0.4.1
162 silly idealTree ├── json-schema@0.2.3
162 silly idealTree ├── json-stringify-safe@5.0.1
162 silly idealTree ├── json@10.0.0
162 silly idealTree ├── jsprim@1.4.1
162 silly idealTree ├── media-typer@0.3.0
162 silly idealTree ├── merge-descriptors@1.0.1
162 silly idealTree ├── methods@1.1.2
162 silly idealTree ├── mime-db@1.44.0
162 silly idealTree ├── mime-types@2.1.27
162 silly idealTree ├── mime@1.6.0
162 silly idealTree ├── ms@2.0.0
162 silly idealTree ├── mysql@2.18.1
162 silly idealTree ├── negotiator@0.6.2
162 silly idealTree ├── oauth-sign@0.9.0
162 silly idealTree ├── on-finished@2.3.0
162 silly idealTree ├── parseurl@1.3.3
162 silly idealTree ├── path-to-regexp@0.1.7
162 silly idealTree ├── path@0.12.7
162 silly idealTree ├── performance-now@2.1.0
162 silly idealTree ├── process-nextick-args@2.0.1
162 silly idealTree ├── process@0.11.10
162 silly idealTree ├── proxy-addr@2.0.6
162 silly idealTree ├── psl@1.8.0
162 silly idealTree ├── punycode@2.1.1
162 silly idealTree ├── qs@6.7.0
162 silly idealTree ├── range-parser@1.2.1
162 silly idealTree ├── raw-body@2.4.0
162 silly idealTree ├── readable-stream@2.3.7
162 silly idealTree ├─┬ request@2.88.2
162 silly idealTree │ └── qs@6.5.2
162 silly idealTree ├── safe-buffer@5.1.2
162 silly idealTree ├── safer-buffer@2.1.2
162 silly idealTree ├── sax@1.2.4
162 silly idealTree ├─┬ send@0.17.1
162 silly idealTree │ └── ms@2.1.1
162 silly idealTree ├── serve-static@1.14.1
162 silly idealTree ├── setprototypeof@1.1.1
162 silly idealTree ├── sqlstring@2.3.1
162 silly idealTree ├── sshpk@1.16.1
162 silly idealTree ├── statuses@1.5.0
162 silly idealTree ├── string_decoder@1.1.1
162 silly idealTree ├── toidentifier@1.0.0
162 silly idealTree ├── tough-cookie@2.5.0
162 silly idealTree ├── tunnel-agent@0.6.0
162 silly idealTree ├── tweetnacl@0.14.5
162 silly idealTree ├── type-is@1.6.18
162 silly idealTree ├── unpipe@1.0.0
162 silly idealTree ├── uri-js@4.4.0
162 silly idealTree ├── util-deprecate@1.0.2
162 silly idealTree ├── util@0.10.4
162 silly idealTree ├── utils-merge@1.0.1
162 silly idealTree ├── uuid@3.4.0
162 silly idealTree ├── vary@1.1.2
162 silly idealTree ├── verror@1.10.0
162 silly idealTree └── xml-js@1.6.11
163 silly generateActionsToTake Starting
164 silly install generateActionsToTake
165 silly generateActionsToTake Finishing
166 silly diffTrees action count 9
167 silly diffTrees update body-parser@1.19.0
168 silly diffTrees add process@0.11.10
169 silly diffTrees add util@0.10.4
170 silly diffTrees update express@4.17.1
171 silly diffTrees update json@10.0.0
172 silly diffTrees update mysql@2.18.1
173 silly diffTrees add path@0.12.7
174 silly diffTrees update request@2.88.2
175 silly diffTrees update xml-js@1.6.11
176 silly decomposeActions action count 72
177 silly decomposeActions fetch body-parser@1.19.0
178 silly decomposeActions extract body-parser@1.19.0
179 silly decomposeActions test body-parser@1.19.0
180 silly decomposeActions preinstall body-parser@1.19.0
181 silly decomposeActions build body-parser@1.19.0
182 silly decomposeActions install body-parser@1.19.0
183 silly decomposeActions postinstall body-parser@1.19.0
184 silly decomposeActions finalize body-parser@1.19.0
185 silly decomposeActions fetch process@0.11.10
186 silly decomposeActions extract process@0.11.10
187 silly decomposeActions test process@0.11.10
188 silly decomposeActions preinstall process@0.11.10
189 silly decomposeActions build process@0.11.10
190 silly decomposeActions install process@0.11.10
191 silly decomposeActions postinstall process@0.11.10
192 silly decomposeActions finalize process@0.11.10
193 silly decomposeActions fetch util@0.10.4
194 silly decomposeActions extract util@0.10.4
195 silly decomposeActions test util@0.10.4
196 silly decomposeActions preinstall util@0.10.4
197 silly decomposeActions build util@0.10.4
198 silly decomposeActions install util@0.10.4
199 silly decomposeActions postinstall util@0.10.4
200 silly decomposeActions finalize util@0.10.4
201 silly decomposeActions fetch express@4.17.1
202 silly decomposeActions extract express@4.17.1
203 silly decomposeActions test express@4.17.1
204 silly decomposeActions preinstall express@4.17.1
205 silly decomposeActions build express@4.17.1
206 silly decomposeActions install express@4.17.1
207 silly decomposeActions postinstall express@4.17.1
208 silly decomposeActions finalize express@4.17.1
209 silly decomposeActions fetch json@10.0.0
210 silly decomposeActions extract json@10.0.0
211 silly decomposeActions test json@10.0.0
212 silly decomposeActions preinstall json@10.0.0
213 silly decomposeActions build json@10.0.0
214 silly decomposeActions install json@10.0.0
215 silly decomposeActions postinstall json@10.0.0
216 silly decomposeActions finalize json@10.0.0
217 silly decomposeActions fetch mysql@2.18.1
218 silly decomposeActions extract mysql@2.18.1
219 silly decomposeActions test mysql@2.18.1
220 silly decomposeActions preinstall mysql@2.18.1
221 silly decomposeActions build mysql@2.18.1
222 silly decomposeActions install mysql@2.18.1
223 silly decomposeActions postinstall mysql@2.18.1
224 silly decomposeActions finalize mysql@2.18.1
225 silly decomposeActions fetch path@0.12.7
226 silly decomposeActions extract path@0.12.7
227 silly decomposeActions test path@0.12.7
228 silly decomposeActions preinstall path@0.12.7
229 silly decomposeActions build path@0.12.7
230 silly decomposeActions install path@0.12.7
231 silly decomposeActions postinstall path@0.12.7
232 silly decomposeActions finalize path@0.12.7
233 silly decomposeActions fetch request@2.88.2
234 silly decomposeActions extract request@2.88.2
235 silly decomposeActions test request@2.88.2
236 silly decomposeActions preinstall request@2.88.2
237 silly decomposeActions build request@2.88.2
238 silly decomposeActions install request@2.88.2
239 silly decomposeActions postinstall request@2.88.2
240 silly decomposeActions finalize request@2.88.2
241 silly decomposeActions fetch xml-js@1.6.11
242 silly decomposeActions extract xml-js@1.6.11
243 silly decomposeActions test xml-js@1.6.11
244 silly decomposeActions preinstall xml-js@1.6.11
245 silly decomposeActions build xml-js@1.6.11
246 silly decomposeActions install xml-js@1.6.11
247 silly decomposeActions postinstall xml-js@1.6.11
248 silly decomposeActions finalize xml-js@1.6.11
249 silly executeActions Starting
250 silly install executeActions
251 silly doSerial global-install 0
252 silly doParallel fetch 9
253 verbose lock using /home/ebsw/.npm/_locks/staging-622fe324be05f966.lock for /home/ebsw/ebsw-API-server/EBSW_test/node_modules/.staging
254 silly doParallel extract 9
255 silly extract body-parser@1.19.0
256 silly extract process@0.11.10
257 silly extract util@0.10.4
258 silly extract express@4.17.1
259 silly extract json@10.0.0
260 silly extract mysql@2.18.1
261 silly extract path@0.12.7
262 silly extract request@2.88.2
263 silly extract xml-js@1.6.11
264 silly addNamed body-parser@1.19.0
265 verbose addNamed "1.19.0" is a plain semver version for body-parser
266 silly mapToRegistry name body-parser
267 silly mapToRegistry using default registry
268 silly mapToRegistry registry https://registry.npmjs.org/
269 silly mapToRegistry uri https://registry.npmjs.org/body-parser
270 verbose addNameVersion registry:https://registry.npmjs.org/body-parser not in flight; fetching
271 silly addNamed express@4.17.1
272 verbose addNamed "4.17.1" is a plain semver version for express
273 silly mapToRegistry name express
274 silly mapToRegistry using default registry
275 silly mapToRegistry registry https://registry.npmjs.org/
276 silly mapToRegistry uri https://registry.npmjs.org/express
277 verbose addNameVersion registry:https://registry.npmjs.org/express not in flight; fetching
278 silly addNamed json@10.0.0
279 verbose addNamed "10.0.0" is a plain semver version for json
280 silly mapToRegistry name json
281 silly mapToRegistry using default registry
282 silly mapToRegistry registry https://registry.npmjs.org/
283 silly mapToRegistry uri https://registry.npmjs.org/json
284 verbose addNameVersion registry:https://registry.npmjs.org/json not in flight; fetching
285 silly addNamed mysql@2.18.1
286 verbose addNamed "2.18.1" is a plain semver version for mysql
287 silly mapToRegistry name mysql
288 silly mapToRegistry using default registry
289 silly mapToRegistry registry https://registry.npmjs.org/
290 silly mapToRegistry uri https://registry.npmjs.org/mysql
291 verbose addNameVersion registry:https://registry.npmjs.org/mysql not in flight; fetching
292 verbose unbuild node_modules/.staging/process-60be742d
293 verbose unbuild node_modules/.staging/util-16206f7a
294 verbose unbuild node_modules/.staging/path-7172d858
295 warn deprecated request@2.88.2: request has been deprecated, see https://github.com/request/request/issues/3142
296 verbose unbuild node_modules/.staging/request-c80a2408
297 silly gentlyRm /home/ebsw/ebsw-API-server/EBSW_test/node_modules/.staging/process-60be742d is being purged from base /home/ebsw/ebsw-API-server/EBSW_test
298 verbose gentlyRm don't care about contents; nuking /home/ebsw/ebsw-API-server/EBSW_test/node_modules/.staging/process-60be742d
299 silly gentlyRm /home/ebsw/ebsw-API-server/EBSW_test/node_modules/.staging/util-16206f7a is being purged from base /home/ebsw/ebsw-API-server/EBSW_test
300 verbose gentlyRm don't care about contents; nuking /home/ebsw/ebsw-API-server/EBSW_test/node_modules/.staging/util-16206f7a
301 silly gentlyRm /home/ebsw/ebsw-API-server/EBSW_test/node_modules/.staging/path-7172d858 is being purged from base /home/ebsw/ebsw-API-server/EBSW_test
302 verbose gentlyRm don't care about contents; nuking /home/ebsw/ebsw-API-server/EBSW_test/node_modules/.staging/path-7172d858
303 verbose unbuild node_modules/.staging/xml-js-d62d8a9b
304 verbose request uri https://registry.npmjs.org/body-parser
305 verbose request no auth needed
306 info attempt registry request try #1 at 10:28:59 PM
307 verbose etag W/"69165633b8917311c8a5b29b5aa3a438"
308 verbose lastModified Fri, 29 Nov 2019 09:32:45 GMT
309 http request GET https://registry.npmjs.org/body-parser
310 verbose tar unpack /home/ebsw/.npm/process/0.11.10/package.tgz
311 verbose tar unpacking to /home/ebsw/ebsw-API-server/EBSW_test/node_modules/.staging/process-60be742d
312 silly gentlyRm /home/ebsw/ebsw-API-server/EBSW_test/node_modules/.staging/process-60be742d is being purged
313 verbose gentlyRm don't care about contents; nuking /home/ebsw/ebsw-API-server/EBSW_test/node_modules/.staging/process-60be742d
314 verbose tar unpack /home/ebsw/.npm/util/0.10.4/package.tgz
315 verbose tar unpacking to /home/ebsw/ebsw-API-server/EBSW_test/node_modules/.staging/util-16206f7a
316 silly gentlyRm /home/ebsw/ebsw-API-server/EBSW_test/node_modules/.staging/util-16206f7a is being purged
317 verbose gentlyRm don't care about contents; nuking /home/ebsw/ebsw-API-server/EBSW_test/node_modules/.staging/util-16206f7a
318 verbose tar unpack /home/ebsw/.npm/path/0.12.7/package.tgz
319 verbose tar unpacking to /home/ebsw/ebsw-API-server/EBSW_test/node_modules/.staging/path-7172d858
320 silly gentlyRm /home/ebsw/ebsw-API-server/EBSW_test/node_modules/.staging/path-7172d858 is being purged
321 verbose gentlyRm don't care about contents; nuking /home/ebsw/ebsw-API-server/EBSW_test/node_modules/.staging/path-7172d858
322 verbose request uri https://registry.npmjs.org/express
323 verbose request no auth needed
324 info attempt registry request try #1 at 10:28:59 PM
325 verbose etag W/"75df8f92097b42d791578c084af85171"
326 verbose lastModified Fri, 26 Jun 2020 20:54:17 GMT
327 http request GET https://registry.npmjs.org/express
328 verbose request uri https://registry.npmjs.org/json
329 verbose request no auth needed
330 info attempt registry request try #1 at 10:28:59 PM
331 verbose etag W/"4098f7cc40515fdfd5eaadaa90000aaa"
332 verbose lastModified Fri, 28 Aug 2020 22:52:00 GMT
333 http request GET https://registry.npmjs.org/json
334 silly gentlyRm /home/ebsw/ebsw-API-server/EBSW_test/node_modules/.staging/request-c80a2408 is being purged from base /home/ebsw/ebsw-API-server/EBSW_test
335 verbose gentlyRm don't care about contents; nuking /home/ebsw/ebsw-API-server/EBSW_test/node_modules/.staging/request-c80a2408
336 silly gunzTarPerm modes [ '775', '664' ]
337 silly gunzTarPerm modes [ '775', '664' ]
338 silly gunzTarPerm modes [ '775', '664' ]
339 silly gentlyRm /home/ebsw/ebsw-API-server/EBSW_test/node_modules/.staging/xml-js-d62d8a9b is being purged from base /home/ebsw/ebsw-API-server/EBSW_test
340 verbose gentlyRm don't care about contents; nuking /home/ebsw/ebsw-API-server/EBSW_test/node_modules/.staging/xml-js-d62d8a9b
341 verbose tar unpack /home/ebsw/.npm/request/2.88.2/package.tgz
342 verbose tar unpacking to /home/ebsw/ebsw-API-server/EBSW_test/node_modules/.staging/request-c80a2408
343 silly gentlyRm /home/ebsw/ebsw-API-server/EBSW_test/node_modules/.staging/request-c80a2408 is being purged
344 verbose gentlyRm don't care about contents; nuking /home/ebsw/ebsw-API-server/EBSW_test/node_modules/.staging/request-c80a2408
345 verbose request uri https://registry.npmjs.org/mysql
346 verbose request no auth needed
347 info attempt registry request try #1 at 10:28:59 PM
348 verbose etag W/"0e1ca45733a86e1c2484e6a3ce9e6faf"
349 verbose lastModified Thu, 23 Jan 2020 18:09:23 GMT
350 http request GET https://registry.npmjs.org/mysql
351 verbose tar unpack /home/ebsw/.npm/xml-js/1.6.11/package.tgz
352 verbose tar unpacking to /home/ebsw/ebsw-API-server/EBSW_test/node_modules/.staging/xml-js-d62d8a9b
353 silly gentlyRm /home/ebsw/ebsw-API-server/EBSW_test/node_modules/.staging/xml-js-d62d8a9b is being purged
354 verbose gentlyRm don't care about contents; nuking /home/ebsw/ebsw-API-server/EBSW_test/node_modules/.staging/xml-js-d62d8a9b
355 silly gunzTarPerm modes [ '775', '664' ]
356 silly gunzTarPerm modes [ '775', '664' ]
357 http 304 https://registry.npmjs.org/express
358 verbose headers { date: 'Tue, 06 Oct 2020 13:28:59 GMT',
358 verbose headers   connection: 'keep-alive',
358 verbose headers   'set-cookie':
358 verbose headers    [ '__cfduid=d4ebc5f215928a17d164fe78bbfba5cd91601990939; expires=Thu, 05-Nov-20 13:28:59 GMT; path=/; domain=.npmjs.org; HttpOnly; SameSite=Lax' ],
358 verbose headers   'cf-ray': '5ddfba894a03015c-ICN',
358 verbose headers   age: '6877',
358 verbose headers   'cache-control': 'public, max-age=300',
358 verbose headers   etag: '"75df8f92097b42d791578c084af85171"',
358 verbose headers   'last-modified': 'Fri, 26 Jun 2020 20:54:17 GMT',
358 verbose headers   vary: 'Accept-Encoding',
358 verbose headers   'cf-cache-status': 'HIT',
358 verbose headers   'cf-request-id': '059fb2e9cb0000015c42366200000001',
358 verbose headers   'expect-ct': 'max-age=604800, report-uri="https://report-uri.cloudflare.com/cdn-cgi/beacon/expect-ct"',
358 verbose headers   server: 'cloudflare' }
359 silly get cb [ 304,
359 silly get   { date: 'Tue, 06 Oct 2020 13:28:59 GMT',
359 silly get     connection: 'keep-alive',
359 silly get     'set-cookie':
359 silly get      [ '__cfduid=d4ebc5f215928a17d164fe78bbfba5cd91601990939; expires=Thu, 05-Nov-20 13:28:59 GMT; path=/; domain=.npmjs.org; HttpOnly; SameSite=Lax' ],
359 silly get     'cf-ray': '5ddfba894a03015c-ICN',
359 silly get     age: '6877',
359 silly get     'cache-control': 'public, max-age=300',
359 silly get     etag: '"75df8f92097b42d791578c084af85171"',
359 silly get     'last-modified': 'Fri, 26 Jun 2020 20:54:17 GMT',
359 silly get     vary: 'Accept-Encoding',
359 silly get     'cf-cache-status': 'HIT',
359 silly get     'cf-request-id': '059fb2e9cb0000015c42366200000001',
359 silly get     'expect-ct': 'max-age=604800, report-uri="https://report-uri.cloudflare.com/cdn-cgi/beacon/expect-ct"',
359 silly get     server: 'cloudflare' } ]
360 verbose etag https://registry.npmjs.org/express from cache
361 verbose get saving express to /home/ebsw/.npm/registry.npmjs.org/express/.cache.json
362 http 304 https://registry.npmjs.org/body-parser
363 verbose headers { date: 'Tue, 06 Oct 2020 13:28:59 GMT',
363 verbose headers   connection: 'keep-alive',
363 verbose headers   'set-cookie':
363 verbose headers    [ '__cfduid=d32331b4800a3cfa51a39746b6a797f4b1601990939; expires=Thu, 05-Nov-20 13:28:59 GMT; path=/; domain=.npmjs.org; HttpOnly; SameSite=Lax' ],
363 verbose headers   'cf-ray': '5ddfba894e33e9f8-ICN',
363 verbose headers   age: '4569',
363 verbose headers   'cache-control': 'public, max-age=300',
363 verbose headers   etag: '"69165633b8917311c8a5b29b5aa3a438"',
363 verbose headers   'last-modified': 'Fri, 29 Nov 2019 09:32:45 GMT',
363 verbose headers   vary: 'Accept-Encoding',
363 verbose headers   'cf-cache-status': 'HIT',
363 verbose headers   'cf-request-id': '059fb2e9cc0000e9f85e226200000001',
363 verbose headers   'expect-ct': 'max-age=604800, report-uri="https://report-uri.cloudflare.com/cdn-cgi/beacon/expect-ct"',
363 verbose headers   server: 'cloudflare' }
364 silly get cb [ 304,
364 silly get   { date: 'Tue, 06 Oct 2020 13:28:59 GMT',
364 silly get     connection: 'keep-alive',
364 silly get     'set-cookie':
364 silly get      [ '__cfduid=d32331b4800a3cfa51a39746b6a797f4b1601990939; expires=Thu, 05-Nov-20 13:28:59 GMT; path=/; domain=.npmjs.org; HttpOnly; SameSite=Lax' ],
364 silly get     'cf-ray': '5ddfba894e33e9f8-ICN',
364 silly get     age: '4569',
364 silly get     'cache-control': 'public, max-age=300',
364 silly get     etag: '"69165633b8917311c8a5b29b5aa3a438"',
364 silly get     'last-modified': 'Fri, 29 Nov 2019 09:32:45 GMT',
364 silly get     vary: 'Accept-Encoding',
364 silly get     'cf-cache-status': 'HIT',
364 silly get     'cf-request-id': '059fb2e9cc0000e9f85e226200000001',
364 silly get     'expect-ct': 'max-age=604800, report-uri="https://report-uri.cloudflare.com/cdn-cgi/beacon/expect-ct"',
364 silly get     server: 'cloudflare' } ]
365 verbose etag https://registry.npmjs.org/body-parser from cache
366 verbose get saving body-parser to /home/ebsw/.npm/registry.npmjs.org/body-parser/.cache.json
367 silly gunzTarPerm extractEntry package.json
368 silly gunzTarPerm modified mode [ 'package.json', 420, 436 ]
369 silly gunzTarPerm extractEntry package.json
370 silly gunzTarPerm modified mode [ 'package.json', 420, 436 ]
371 silly gunzTarPerm extractEntry package.json
372 silly gunzTarPerm modified mode [ 'package.json', 438, 436 ]
373 silly gunzTarPerm extractEntry LICENSE
374 silly gunzTarPerm modified mode [ 'LICENSE', 420, 436 ]
375 silly gunzTarPerm extractEntry package.json
376 silly gunzTarPerm modified mode [ 'package.json', 420, 436 ]
377 silly gunzTarPerm extractEntry README.md
378 silly gunzTarPerm modified mode [ 'README.md', 420, 436 ]
379 silly gunzTarPerm extractEntry LICENSE
380 silly gunzTarPerm modified mode [ 'LICENSE', 420, 436 ]
381 silly gunzTarPerm extractEntry LICENSE
382 silly gunzTarPerm modified mode [ 'LICENSE', 420, 436 ]
383 silly gunzTarPerm extractEntry README.md
384 silly gunzTarPerm modified mode [ 'README.md', 420, 436 ]
385 silly gunzTarPerm extractEntry .npmignore
386 silly gunzTarPerm modified mode [ '.npmignore', 438, 436 ]
387 silly gunzTarPerm extractEntry README.md
388 silly gunzTarPerm modified mode [ 'README.md', 438, 436 ]
389 silly gunzTarPerm extractEntry lib/auth.js
390 silly gunzTarPerm modified mode [ 'lib/auth.js', 420, 436 ]
391 silly gunzTarPerm extractEntry lib/cookies.js
392 silly gunzTarPerm modified mode [ 'lib/cookies.js', 420, 436 ]
393 silly gunzTarPerm extractEntry index.js
394 silly gunzTarPerm modified mode [ 'index.js', 420, 436 ]
395 silly gunzTarPerm extractEntry LICENSE
396 silly gunzTarPerm modified mode [ 'LICENSE', 420, 436 ]
397 silly mapToRegistry name body-parser
398 silly mapToRegistry using default registry
399 silly mapToRegistry registry https://registry.npmjs.org/
400 silly mapToRegistry uri https://registry.npmjs.org/body-parser
401 verbose addRemoteTarball https://registry.npmjs.org/body-parser/-/body-parser-1.19.0.tgz not in flight; adding
402 verbose addRemoteTarball [ 'https://registry.npmjs.org/body-parser/-/body-parser-1.19.0.tgz',
402 verbose addRemoteTarball   '96b2709e57c9c4e09a6fd66a8fd979844f69f08a' ]
403 http 304 https://registry.npmjs.org/mysql
404 verbose headers { date: 'Tue, 06 Oct 2020 13:28:59 GMT',
404 verbose headers   connection: 'keep-alive',
404 verbose headers   'set-cookie':
404 verbose headers    [ '__cfduid=d88c4829d1445f902cb76209184bf0d971601990939; expires=Thu, 05-Nov-20 13:28:59 GMT; path=/; domain=.npmjs.org; HttpOnly; SameSite=Lax' ],
404 verbose headers   'cf-ray': '5ddfba89db5212ee-ICN',
404 verbose headers   age: '3886',
404 verbose headers   'cache-control': 'public, max-age=300',
404 verbose headers   etag: '"0e1ca45733a86e1c2484e6a3ce9e6faf"',
404 verbose headers   'last-modified': 'Thu, 23 Jan 2020 18:09:23 GMT',
404 verbose headers   vary: 'Accept-Encoding',
404 verbose headers   'cf-cache-status': 'HIT',
404 verbose headers   'cf-request-id': '059fb2ea29000012eeffb39200000001',
404 verbose headers   'expect-ct': 'max-age=604800, report-uri="https://report-uri.cloudflare.com/cdn-cgi/beacon/expect-ct"',
404 verbose headers   server: 'cloudflare' }
405 silly get cb [ 304,
405 silly get   { date: 'Tue, 06 Oct 2020 13:28:59 GMT',
405 silly get     connection: 'keep-alive',
405 silly get     'set-cookie':
405 silly get      [ '__cfduid=d88c4829d1445f902cb76209184bf0d971601990939; expires=Thu, 05-Nov-20 13:28:59 GMT; path=/; domain=.npmjs.org; HttpOnly; SameSite=Lax' ],
405 silly get     'cf-ray': '5ddfba89db5212ee-ICN',
405 silly get     age: '3886',
405 silly get     'cache-control': 'public, max-age=300',
405 silly get     etag: '"0e1ca45733a86e1c2484e6a3ce9e6faf"',
405 silly get     'last-modified': 'Thu, 23 Jan 2020 18:09:23 GMT',
405 silly get     vary: 'Accept-Encoding',
405 silly get     'cf-cache-status': 'HIT',
405 silly get     'cf-request-id': '059fb2ea29000012eeffb39200000001',
405 silly get     'expect-ct': 'max-age=604800, report-uri="https://report-uri.cloudflare.com/cdn-cgi/beacon/expect-ct"',
405 silly get     server: 'cloudflare' } ]
406 verbose etag https://registry.npmjs.org/mysql from cache
407 verbose get saving mysql to /home/ebsw/.npm/registry.npmjs.org/mysql/.cache.json
408 silly mapToRegistry name express
409 silly mapToRegistry using default registry
410 silly mapToRegistry registry https://registry.npmjs.org/
411 silly mapToRegistry uri https://registry.npmjs.org/express
412 verbose addRemoteTarball https://registry.npmjs.org/express/-/express-4.17.1.tgz not in flight; adding
413 verbose addRemoteTarball [ 'https://registry.npmjs.org/express/-/express-4.17.1.tgz',
413 verbose addRemoteTarball   '4491fc38605cf51f8629d39c2b5d026f98a4c134' ]
414 info retry fetch attempt 1 at 10:28:59 PM
415 info attempt registry request try #1 at 10:28:59 PM
416 http fetch GET https://registry.npmjs.org/body-parser/-/body-parser-1.19.0.tgz
417 silly gunzTarPerm extractEntry LICENSE
418 silly gunzTarPerm modified mode [ 'LICENSE', 438, 436 ]
419 silly gunzTarPerm extractEntry path.js
420 silly gunzTarPerm modified mode [ 'path.js', 438, 436 ]
421 info retry fetch attempt 1 at 10:28:59 PM
422 info attempt registry request try #1 at 10:28:59 PM
423 http fetch GET https://registry.npmjs.org/express/-/express-4.17.1.tgz
424 silly gunzTarPerm extractEntry browser.js
425 silly gunzTarPerm modified mode [ 'browser.js', 420, 436 ]
426 silly gunzTarPerm extractEntry index.js
427 silly gunzTarPerm modified mode [ 'index.js', 420, 436 ]
428 silly gunzTarPerm extractEntry util.js
429 silly gunzTarPerm modified mode [ 'util.js', 420, 436 ]
430 silly gunzTarPerm extractEntry support/isBuffer.js
431 silly gunzTarPerm modified mode [ 'support/isBuffer.js', 420, 436 ]
432 silly gunzTarPerm extractEntry support/isBufferBrowser.js
433 silly gunzTarPerm modified mode [ 'support/isBufferBrowser.js', 420, 436 ]
434 silly gunzTarPerm extractEntry lib/getProxyFromURI.js
435 silly gunzTarPerm modified mode [ 'lib/getProxyFromURI.js', 420, 436 ]
436 silly gunzTarPerm extractEntry README.md
437 silly gunzTarPerm modified mode [ 'README.md', 420, 436 ]
438 silly gunzTarPerm extractEntry webpack.config.js
439 silly gunzTarPerm modified mode [ 'webpack.config.js', 420, 436 ]
440 http fetch 200 https://registry.npmjs.org/body-parser/-/body-parser-1.19.0.tgz
441 http fetch 200 https://registry.npmjs.org/express/-/express-4.17.1.tgz
442 silly mapToRegistry name mysql
443 silly mapToRegistry using default registry
444 silly mapToRegistry registry https://registry.npmjs.org/
445 silly mapToRegistry uri https://registry.npmjs.org/mysql
446 verbose addRemoteTarball https://registry.npmjs.org/mysql/-/mysql-2.18.1.tgz not in flight; adding
447 verbose addRemoteTarball [ 'https://registry.npmjs.org/mysql/-/mysql-2.18.1.tgz',
447 verbose addRemoteTarball   '2254143855c5a8c73825e4522baf2ea021766717' ]
448 silly fetchAndShaCheck shasum 96b2709e57c9c4e09a6fd66a8fd979844f69f08a
449 info retry fetch attempt 1 at 10:28:59 PM
450 info attempt registry request try #1 at 10:28:59 PM
451 http fetch GET https://registry.npmjs.org/mysql/-/mysql-2.18.1.tgz
452 silly gunzTarPerm extractEntry test.js
453 silly gunzTarPerm modified mode [ 'test.js', 420, 436 ]
454 silly gunzTarPerm extractEntry .eslintrc
455 silly gunzTarPerm modified mode [ '.eslintrc', 420, 436 ]
456 verbose addTmpTarball /tmp/npm-3873-62a032ee/registry.npmjs.org/body-parser/-/body-parser-1.19.0.tgz not in flight; adding
457 verbose addTmpTarball already have metadata; skipping unpack for body-parser@1.19.0
458 silly gunzTarPerm extractEntry bin/cli-helper.js
459 silly gunzTarPerm modified mode [ 'bin/cli-helper.js', 420, 436 ]
460 silly gunzTarPerm extractEntry bin/cli.js
461 silly gunzTarPerm modified mode [ 'bin/cli.js', 420, 436 ]
462 silly gunzTarPerm extractEntry lib/har.js
463 silly gunzTarPerm modified mode [ 'lib/har.js', 420, 436 ]
464 silly gunzTarPerm extractEntry lib/hawk.js
465 silly gunzTarPerm modified mode [ 'lib/hawk.js', 420, 436 ]
466 silly fetchAndShaCheck shasum 4491fc38605cf51f8629d39c2b5d026f98a4c134
467 verbose addTmpTarball /tmp/npm-3873-62a032ee/registry.npmjs.org/express/-/express-4.17.1.tgz not in flight; adding
468 verbose addTmpTarball already have metadata; skipping unpack for express@4.17.1
469 silly gunzTarPerm extractEntry bin/test.json
470 silly gunzTarPerm modified mode [ 'bin/test.json', 420, 436 ]
471 silly gunzTarPerm extractEntry bin/test.xml
472 silly gunzTarPerm modified mode [ 'bin/test.xml', 420, 436 ]
473 silly gunzTarPerm extractEntry dist/xml-js.js
474 silly gunzTarPerm modified mode [ 'dist/xml-js.js', 420, 436 ]
475 silly gunzTarPerm extractEntry lib/helpers.js
476 silly gunzTarPerm modified mode [ 'lib/helpers.js', 420, 436 ]
477 silly gunzTarPerm extractEntry index.js
478 silly gunzTarPerm modified mode [ 'index.js', 493, 509 ]
479 silly gunzTarPerm extractEntry dist/xml-js.min.js
480 silly gunzTarPerm modified mode [ 'dist/xml-js.min.js', 420, 436 ]
481 silly gunzTarPerm extractEntry lib/array-helper.js
482 silly gunzTarPerm modified mode [ 'lib/array-helper.js', 420, 436 ]
483 silly gunzTarPerm extractEntry lib/index.js
484 silly gunzTarPerm modified mode [ 'lib/index.js', 420, 436 ]
485 silly gunzTarPerm extractEntry lib/js2xml.js
486 silly gunzTarPerm modified mode [ 'lib/js2xml.js', 420, 436 ]
487 silly gunzTarPerm extractEntry lib/json2xml.js
488 silly gunzTarPerm modified mode [ 'lib/json2xml.js', 420, 436 ]
489 silly gunzTarPerm extractEntry lib/options-helper.js
490 silly gunzTarPerm modified mode [ 'lib/options-helper.js', 420, 436 ]
491 silly gunzTarPerm extractEntry lib/xml2js.js
492 silly gunzTarPerm modified mode [ 'lib/xml2js.js', 420, 436 ]
493 silly gunzTarPerm extractEntry lib/xml2json.js
494 silly gunzTarPerm modified mode [ 'lib/xml2json.js', 420, 436 ]
495 silly gunzTarPerm extractEntry types/index.d.ts
496 silly gunzTarPerm modified mode [ 'types/index.d.ts', 420, 436 ]
497 silly gunzTarPerm extractEntry types/tsconfig.json
498 silly gunzTarPerm modified mode [ 'types/tsconfig.json', 420, 436 ]
499 silly gunzTarPerm extractEntry types/typings.json
500 silly gunzTarPerm modified mode [ 'types/typings.json', 420, 436 ]
501 silly gunzTarPerm extractEntry types/xml-js-tests.ts
502 silly gunzTarPerm modified mode [ 'types/xml-js-tests.ts', 420, 436 ]
503 verbose unbuild node_modules/.staging/body-parser-8940414c
504 silly gentlyRm /home/ebsw/ebsw-API-server/EBSW_test/node_modules/.staging/body-parser-8940414c is being purged from base /home/ebsw/ebsw-API-server/EBSW_test
505 verbose gentlyRm don't care about contents; nuking /home/ebsw/ebsw-API-server/EBSW_test/node_modules/.staging/body-parser-8940414c
506 verbose tar unpack /home/ebsw/.npm/body-parser/1.19.0/package.tgz
507 verbose tar unpacking to /home/ebsw/ebsw-API-server/EBSW_test/node_modules/.staging/body-parser-8940414c
508 silly gentlyRm /home/ebsw/ebsw-API-server/EBSW_test/node_modules/.staging/body-parser-8940414c is being purged
509 verbose gentlyRm don't care about contents; nuking /home/ebsw/ebsw-API-server/EBSW_test/node_modules/.staging/body-parser-8940414c
510 silly gunzTarPerm modes [ '775', '664' ]
511 http fetch 200 https://registry.npmjs.org/mysql/-/mysql-2.18.1.tgz
512 verbose unbuild node_modules/.staging/express-b5a53f65
513 silly gunzTarPerm extractEntry lib/multipart.js
514 silly gunzTarPerm modified mode [ 'lib/multipart.js', 420, 436 ]
515 silly gunzTarPerm extractEntry lib/oauth.js
516 silly gunzTarPerm modified mode [ 'lib/oauth.js', 420, 436 ]
517 silly gentlyRm /home/ebsw/ebsw-API-server/EBSW_test/node_modules/.staging/express-b5a53f65 is being purged from base /home/ebsw/ebsw-API-server/EBSW_test
518 verbose gentlyRm don't care about contents; nuking /home/ebsw/ebsw-API-server/EBSW_test/node_modules/.staging/express-b5a53f65
519 verbose tar unpack /home/ebsw/.npm/express/4.17.1/package.tgz
520 verbose tar unpacking to /home/ebsw/ebsw-API-server/EBSW_test/node_modules/.staging/express-b5a53f65
521 silly gentlyRm /home/ebsw/ebsw-API-server/EBSW_test/node_modules/.staging/express-b5a53f65 is being purged
522 verbose gentlyRm don't care about contents; nuking /home/ebsw/ebsw-API-server/EBSW_test/node_modules/.staging/express-b5a53f65
523 silly gunzTarPerm extractEntry package.json
524 silly gunzTarPerm modified mode [ 'package.json', 420, 436 ]
525 silly gunzTarPerm modes [ '775', '664' ]
526 silly gunzTarPerm extractEntry HISTORY.md
527 silly gunzTarPerm modified mode [ 'HISTORY.md', 420, 436 ]
528 silly gunzTarPerm extractEntry index.js
529 silly gunzTarPerm modified mode [ 'index.js', 420, 436 ]
530 silly gunzTarPerm extractEntry LICENSE
531 silly gunzTarPerm modified mode [ 'LICENSE', 420, 436 ]
532 silly gunzTarPerm extractEntry README.md
533 silly gunzTarPerm modified mode [ 'README.md', 420, 436 ]
534 silly gunzTarPerm extractEntry lib/read.js
535 silly gunzTarPerm modified mode [ 'lib/read.js', 420, 436 ]
536 silly gunzTarPerm extractEntry lib/types/json.js
537 silly gunzTarPerm modified mode [ 'lib/types/json.js', 420, 436 ]
538 silly gunzTarPerm extractEntry lib/types/raw.js
539 silly gunzTarPerm modified mode [ 'lib/types/raw.js', 420, 436 ]
540 silly gunzTarPerm extractEntry lib/types/text.js
541 silly gunzTarPerm modified mode [ 'lib/types/text.js', 420, 436 ]
542 silly gunzTarPerm extractEntry lib/types/urlencoded.js
543 silly gunzTarPerm modified mode [ 'lib/types/urlencoded.js', 420, 436 ]
544 silly gunzTarPerm extractEntry lib/querystring.js
545 silly gunzTarPerm modified mode [ 'lib/querystring.js', 420, 436 ]
546 silly gunzTarPerm extractEntry lib/redirect.js
547 silly gunzTarPerm modified mode [ 'lib/redirect.js', 420, 436 ]
548 silly gunzTarPerm extractEntry package.json
549 silly gunzTarPerm modified mode [ 'package.json', 420, 436 ]
550 silly gunzTarPerm extractEntry History.md
551 silly gunzTarPerm modified mode [ 'History.md', 420, 436 ]
552 silly gunzTarPerm extractEntry index.js
553 silly gunzTarPerm modified mode [ 'index.js', 420, 436 ]
554 silly fetchAndShaCheck shasum 2254143855c5a8c73825e4522baf2ea021766717
555 silly gentlyRm /home/ebsw/ebsw-API-server/EBSW_test/node_modules/.staging/path-7172d858/node_modules is being purged
556 verbose gentlyRm don't care about contents; nuking /home/ebsw/ebsw-API-server/EBSW_test/node_modules/.staging/path-7172d858/node_modules
557 verbose addTmpTarball /tmp/npm-3873-62a032ee/registry.npmjs.org/mysql/-/mysql-2.18.1.tgz not in flight; adding
558 verbose addTmpTarball already have metadata; skipping unpack for mysql@2.18.1
559 silly gunzTarPerm extractEntry request.js
560 silly gunzTarPerm modified mode [ 'request.js', 420, 436 ]
561 silly gunzTarPerm extractEntry lib/tunnel.js
562 silly gunzTarPerm modified mode [ 'lib/tunnel.js', 420, 436 ]
563 silly gunzTarPerm extractEntry LICENSE
564 silly gunzTarPerm modified mode [ 'LICENSE', 420, 436 ]
565 silly gunzTarPerm extractEntry Readme.md
566 silly gunzTarPerm modified mode [ 'Readme.md', 420, 436 ]
567 silly gunzTarPerm extractEntry lib/application.js
568 silly gunzTarPerm modified mode [ 'lib/application.js', 420, 436 ]
569 silly gentlyRm /home/ebsw/ebsw-API-server/EBSW_test/node_modules/.staging/util-16206f7a/node_modules is being purged
570 verbose gentlyRm don't care about contents; nuking /home/ebsw/ebsw-API-server/EBSW_test/node_modules/.staging/util-16206f7a/node_modules
571 silly gunzTarPerm extractEntry lib/express.js
572 silly gunzTarPerm modified mode [ 'lib/express.js', 420, 436 ]
573 silly gunzTarPerm extractEntry lib/middleware/init.js
574 silly gunzTarPerm modified mode [ 'lib/middleware/init.js', 420, 436 ]
575 silly gunzTarPerm extractEntry package.json
576 silly gunzTarPerm modified mode [ 'package.json', 420, 436 ]
577 silly gunzTarPerm extractEntry CHANGELOG.md
578 silly gunzTarPerm modified mode [ 'CHANGELOG.md', 420, 436 ]
579 silly gunzTarPerm extractEntry lib/middleware/query.js
580 silly gunzTarPerm modified mode [ 'lib/middleware/query.js', 420, 436 ]
581 silly gunzTarPerm extractEntry lib/request.js
582 silly gunzTarPerm modified mode [ 'lib/request.js', 420, 436 ]
583 verbose unbuild node_modules/.staging/mysql-286cec7c
584 silly gentlyRm /home/ebsw/ebsw-API-server/EBSW_test/node_modules/.staging/process-60be742d/node_modules is being purged
585 verbose gentlyRm don't care about contents; nuking /home/ebsw/ebsw-API-server/EBSW_test/node_modules/.staging/process-60be742d/node_modules
586 silly gentlyRm /home/ebsw/ebsw-API-server/EBSW_test/node_modules/.staging/mysql-286cec7c is being purged from base /home/ebsw/ebsw-API-server/EBSW_test
587 verbose gentlyRm don't care about contents; nuking /home/ebsw/ebsw-API-server/EBSW_test/node_modules/.staging/mysql-286cec7c
588 silly gunzTarPerm extractEntry lib/response.js
589 silly gunzTarPerm modified mode [ 'lib/response.js', 420, 436 ]
590 verbose tar unpack /home/ebsw/.npm/mysql/2.18.1/package.tgz
591 verbose tar unpacking to /home/ebsw/ebsw-API-server/EBSW_test/node_modules/.staging/mysql-286cec7c
592 silly gentlyRm /home/ebsw/ebsw-API-server/EBSW_test/node_modules/.staging/mysql-286cec7c is being purged
593 verbose gentlyRm don't care about contents; nuking /home/ebsw/ebsw-API-server/EBSW_test/node_modules/.staging/mysql-286cec7c
594 silly gunzTarPerm extractEntry README.md
595 silly gunzTarPerm modified mode [ 'README.md', 420, 436 ]
596 silly gunzTarPerm modes [ '775', '664' ]
597 silly gunzTarPerm extractEntry License
598 silly gunzTarPerm modified mode [ 'License', 420, 436 ]
599 silly gunzTarPerm extractEntry lib/router/index.js
600 silly gunzTarPerm modified mode [ 'lib/router/index.js', 420, 436 ]
601 silly gunzTarPerm extractEntry lib/router/layer.js
602 silly gunzTarPerm modified mode [ 'lib/router/layer.js', 420, 436 ]
603 silly gunzTarPerm extractEntry lib/protocol/Auth.js
604 silly gunzTarPerm modified mode [ 'lib/protocol/Auth.js', 420, 436 ]
605 silly gunzTarPerm extractEntry lib/protocol/packets/AuthSwitchRequestPacket.js
606 silly gunzTarPerm modified mode [ 'lib/protocol/packets/AuthSwitchRequestPacket.js', 420, 436 ]
607 silly gunzTarPerm extractEntry lib/router/route.js
608 silly gunzTarPerm modified mode [ 'lib/router/route.js', 420, 436 ]
609 silly gunzTarPerm extractEntry lib/utils.js
610 silly gunzTarPerm modified mode [ 'lib/utils.js', 420, 436 ]
611 silly gunzTarPerm extractEntry lib/protocol/packets/AuthSwitchResponsePacket.js
612 silly gunzTarPerm modified mode [ 'lib/protocol/packets/AuthSwitchResponsePacket.js', 420, 436 ]
613 silly gunzTarPerm extractEntry lib/protocol/BufferList.js
614 silly gunzTarPerm modified mode [ 'lib/protocol/BufferList.js', 420, 436 ]
615 silly gunzTarPerm extractEntry lib/view.js
616 silly gunzTarPerm modified mode [ 'lib/view.js', 420, 436 ]
617 silly gunzTarPerm extractEntry lib/protocol/sequences/ChangeUser.js
618 silly gunzTarPerm modified mode [ 'lib/protocol/sequences/ChangeUser.js', 420, 436 ]
619 silly gunzTarPerm extractEntry lib/protocol/constants/charsets.js
620 silly gunzTarPerm modified mode [ 'lib/protocol/constants/charsets.js', 420, 436 ]
621 silly gunzTarPerm extractEntry lib/protocol/constants/client.js
622 silly gunzTarPerm modified mode [ 'lib/protocol/constants/client.js', 420, 436 ]
623 silly gunzTarPerm extractEntry lib/protocol/packets/ClientAuthenticationPacket.js
624 silly gunzTarPerm modified mode [ 'lib/protocol/packets/ClientAuthenticationPacket.js',
624 silly gunzTarPerm   420,
624 silly gunzTarPerm   436 ]
625 silly gunzTarPerm extractEntry lib/protocol/packets/ComChangeUserPacket.js
626 silly gunzTarPerm modified mode [ 'lib/protocol/packets/ComChangeUserPacket.js', 420, 436 ]
627 silly gunzTarPerm extractEntry lib/protocol/packets/ComPingPacket.js
628 silly gunzTarPerm modified mode [ 'lib/protocol/packets/ComPingPacket.js', 420, 436 ]
629 silly gunzTarPerm extractEntry lib/protocol/packets/ComQueryPacket.js
630 silly gunzTarPerm modified mode [ 'lib/protocol/packets/ComQueryPacket.js', 420, 436 ]
631 silly gunzTarPerm extractEntry lib/protocol/packets/ComQuitPacket.js
632 silly gunzTarPerm modified mode [ 'lib/protocol/packets/ComQuitPacket.js', 420, 436 ]
633 silly gunzTarPerm extractEntry lib/protocol/packets/ComStatisticsPacket.js
634 silly gunzTarPerm modified mode [ 'lib/protocol/packets/ComStatisticsPacket.js', 420, 436 ]
635 silly gentlyRm /home/ebsw/ebsw-API-server/EBSW_test/node_modules/.staging/body-parser-8940414c/node_modules is being purged
636 verbose gentlyRm don't care about contents; nuking /home/ebsw/ebsw-API-server/EBSW_test/node_modules/.staging/body-parser-8940414c/node_modules
637 silly gunzTarPerm extractEntry lib/Connection.js
638 silly gunzTarPerm modified mode [ 'lib/Connection.js', 420, 436 ]
639 silly gunzTarPerm extractEntry lib/ConnectionConfig.js
640 silly gunzTarPerm modified mode [ 'lib/ConnectionConfig.js', 420, 436 ]
641 silly gunzTarPerm extractEntry lib/protocol/packets/EmptyPacket.js
642 silly gunzTarPerm modified mode [ 'lib/protocol/packets/EmptyPacket.js', 420, 436 ]
643 silly gunzTarPerm extractEntry lib/protocol/packets/EofPacket.js
644 silly gunzTarPerm modified mode [ 'lib/protocol/packets/EofPacket.js', 420, 436 ]
645 silly gunzTarPerm extractEntry lib/protocol/packets/ErrorPacket.js
646 silly gunzTarPerm modified mode [ 'lib/protocol/packets/ErrorPacket.js', 420, 436 ]
647 silly gunzTarPerm extractEntry lib/protocol/constants/errors.js
648 silly gunzTarPerm modified mode [ 'lib/protocol/constants/errors.js', 420, 436 ]
649 silly gunzTarPerm extractEntry lib/protocol/constants/field_flags.js
650 silly gunzTarPerm modified mode [ 'lib/protocol/constants/field_flags.js', 420, 436 ]
651 silly gunzTarPerm extractEntry lib/protocol/packets/Field.js
652 silly gunzTarPerm modified mode [ 'lib/protocol/packets/Field.js', 420, 436 ]
653 silly gentlyRm /home/ebsw/ebsw-API-server/EBSW_test/node_modules/.staging/request-c80a2408/node_modules is being purged
654 verbose gentlyRm don't care about contents; nuking /home/ebsw/ebsw-API-server/EBSW_test/node_modules/.staging/request-c80a2408/node_modules
655 silly gunzTarPerm extractEntry lib/protocol/packets/FieldPacket.js
656 silly gunzTarPerm modified mode [ 'lib/protocol/packets/FieldPacket.js', 420, 436 ]
657 silly gunzTarPerm extractEntry lib/protocol/sequences/Handshake.js
658 silly gunzTarPerm modified mode [ 'lib/protocol/sequences/Handshake.js', 420, 436 ]
659 silly gunzTarPerm extractEntry lib/protocol/packets/HandshakeInitializationPacket.js
660 silly gunzTarPerm modified mode [ 'lib/protocol/packets/HandshakeInitializationPacket.js',
660 silly gunzTarPerm   420,
660 silly gunzTarPerm   436 ]
661 silly gunzTarPerm extractEntry index.js
662 silly gunzTarPerm modified mode [ 'index.js', 420, 436 ]
663 silly gunzTarPerm extractEntry lib/protocol/packets/index.js
664 silly gunzTarPerm modified mode [ 'lib/protocol/packets/index.js', 420, 436 ]
665 silly gunzTarPerm extractEntry lib/protocol/sequences/index.js
666 silly gunzTarPerm modified mode [ 'lib/protocol/sequences/index.js', 420, 436 ]
667 silly gunzTarPerm extractEntry lib/protocol/packets/LocalDataFilePacket.js
668 silly gunzTarPerm modified mode [ 'lib/protocol/packets/LocalDataFilePacket.js', 420, 436 ]
669 silly gunzTarPerm extractEntry lib/protocol/packets/LocalInfileRequestPacket.js
670 silly gunzTarPerm modified mode [ 'lib/protocol/packets/LocalInfileRequestPacket.js', 420, 436 ]
671 silly gunzTarPerm extractEntry lib/protocol/packets/OkPacket.js
672 silly gunzTarPerm modified mode [ 'lib/protocol/packets/OkPacket.js', 420, 436 ]
673 silly gunzTarPerm extractEntry lib/protocol/packets/OldPasswordPacket.js
674 silly gunzTarPerm modified mode [ 'lib/protocol/packets/OldPasswordPacket.js', 420, 436 ]
675 silly gentlyRm /home/ebsw/ebsw-API-server/EBSW_test/node_modules/.staging/express-b5a53f65/node_modules is being purged
676 verbose gentlyRm don't care about contents; nuking /home/ebsw/ebsw-API-server/EBSW_test/node_modules/.staging/express-b5a53f65/node_modules
677 silly gunzTarPerm extractEntry lib/protocol/PacketHeader.js
678 silly gunzTarPerm modified mode [ 'lib/protocol/PacketHeader.js', 420, 436 ]
679 silly gunzTarPerm extractEntry lib/protocol/PacketWriter.js
680 silly gunzTarPerm modified mode [ 'lib/protocol/PacketWriter.js', 420, 436 ]
681 http 304 https://registry.npmjs.org/json
682 verbose headers { date: 'Tue, 06 Oct 2020 13:28:59 GMT',
682 verbose headers   connection: 'keep-alive',
682 verbose headers   'set-cookie':
682 verbose headers    [ '__cfduid=dfb65ed091dc5f1a08bae46b9685f48181601990939; expires=Thu, 05-Nov-20 13:28:59 GMT; path=/; domain=.npmjs.org; HttpOnly; SameSite=Lax' ],
682 verbose headers   'cf-ray': '5ddfba89be830158-ICN',
682 verbose headers   'cache-control': 'public, max-age=300',
682 verbose headers   etag: '"4098f7cc40515fdfd5eaadaa90000aaa"',
682 verbose headers   'last-modified': 'Fri, 28 Aug 2020 22:52:00 GMT',
682 verbose headers   vary: 'Accept-Encoding',
682 verbose headers   'cf-cache-status': 'REVALIDATED',
682 verbose headers   'cf-request-id': '059fb2ea1400000158e02fe200000001',
682 verbose headers   'expect-ct': 'max-age=604800, report-uri="https://report-uri.cloudflare.com/cdn-cgi/beacon/expect-ct"',
682 verbose headers   server: 'cloudflare' }
683 silly get cb [ 304,
683 silly get   { date: 'Tue, 06 Oct 2020 13:28:59 GMT',
683 silly get     connection: 'keep-alive',
683 silly get     'set-cookie':
683 silly get      [ '__cfduid=dfb65ed091dc5f1a08bae46b9685f48181601990939; expires=Thu, 05-Nov-20 13:28:59 GMT; path=/; domain=.npmjs.org; HttpOnly; SameSite=Lax' ],
683 silly get     'cf-ray': '5ddfba89be830158-ICN',
683 silly get     'cache-control': 'public, max-age=300',
683 silly get     etag: '"4098f7cc40515fdfd5eaadaa90000aaa"',
683 silly get     'last-modified': 'Fri, 28 Aug 2020 22:52:00 GMT',
683 silly get     vary: 'Accept-Encoding',
683 silly get     'cf-cache-status': 'REVALIDATED',
683 silly get     'cf-request-id': '059fb2ea1400000158e02fe200000001',
683 silly get     'expect-ct': 'max-age=604800, report-uri="https://report-uri.cloudflare.com/cdn-cgi/beacon/expect-ct"',
683 silly get     server: 'cloudflare' } ]
684 verbose etag https://registry.npmjs.org/json from cache
685 verbose get saving json to /home/ebsw/.npm/registry.npmjs.org/json/.cache.json
686 silly gunzTarPerm extractEntry lib/protocol/Parser.js
687 silly gunzTarPerm modified mode [ 'lib/protocol/Parser.js', 420, 436 ]
688 silly gunzTarPerm extractEntry lib/protocol/sequences/Ping.js
689 silly gunzTarPerm modified mode [ 'lib/protocol/sequences/Ping.js', 420, 436 ]
690 silly mapToRegistry name json
691 silly mapToRegistry using default registry
692 silly mapToRegistry registry https://registry.npmjs.org/
693 silly mapToRegistry uri https://registry.npmjs.org/json
694 verbose addRemoteTarball https://registry.npmjs.org/json/-/json-10.0.0.tgz not in flight; adding
695 verbose addRemoteTarball [ 'https://registry.npmjs.org/json/-/json-10.0.0.tgz',
695 verbose addRemoteTarball   'c49a939d4abc7067cc225419d5dd17ab7bf2f66c' ]
696 silly gunzTarPerm extractEntry lib/Pool.js
697 silly gunzTarPerm modified mode [ 'lib/Pool.js', 420, 436 ]
698 silly gunzTarPerm extractEntry lib/PoolCluster.js
699 silly gunzTarPerm modified mode [ 'lib/PoolCluster.js', 420, 436 ]
700 info retry fetch attempt 1 at 10:28:59 PM
701 info attempt registry request try #1 at 10:28:59 PM
702 http fetch GET https://registry.npmjs.org/json/-/json-10.0.0.tgz
703 silly gentlyRm /home/ebsw/ebsw-API-server/EBSW_test/node_modules/.staging/xml-js-d62d8a9b/node_modules is being purged
704 verbose gentlyRm don't care about contents; nuking /home/ebsw/ebsw-API-server/EBSW_test/node_modules/.staging/xml-js-d62d8a9b/node_modules
705 silly gunzTarPerm extractEntry lib/PoolConfig.js
706 silly gunzTarPerm modified mode [ 'lib/PoolConfig.js', 420, 436 ]
707 silly gunzTarPerm extractEntry lib/PoolConnection.js
708 silly gunzTarPerm modified mode [ 'lib/PoolConnection.js', 420, 436 ]
709 silly gunzTarPerm extractEntry lib/PoolNamespace.js
710 silly gunzTarPerm modified mode [ 'lib/PoolNamespace.js', 420, 436 ]
711 silly gunzTarPerm extractEntry lib/PoolSelector.js
712 silly gunzTarPerm modified mode [ 'lib/PoolSelector.js', 420, 436 ]
713 silly gunzTarPerm extractEntry lib/protocol/Protocol.js
714 silly gunzTarPerm modified mode [ 'lib/protocol/Protocol.js', 420, 436 ]
715 silly gunzTarPerm extractEntry lib/protocol/sequences/Query.js
716 silly gunzTarPerm modified mode [ 'lib/protocol/sequences/Query.js', 420, 436 ]
717 silly gunzTarPerm extractEntry lib/protocol/sequences/Quit.js
718 silly gunzTarPerm modified mode [ 'lib/protocol/sequences/Quit.js', 420, 436 ]
719 silly gunzTarPerm extractEntry lib/protocol/ResultSet.js
720 silly gunzTarPerm modified mode [ 'lib/protocol/ResultSet.js', 420, 436 ]
721 silly gunzTarPerm extractEntry lib/protocol/packets/ResultSetHeaderPacket.js
722 silly gunzTarPerm modified mode [ 'lib/protocol/packets/ResultSetHeaderPacket.js', 420, 436 ]
723 silly gunzTarPerm extractEntry lib/protocol/packets/RowDataPacket.js
724 silly gunzTarPerm modified mode [ 'lib/protocol/packets/RowDataPacket.js', 420, 436 ]
725 silly gunzTarPerm extractEntry lib/protocol/sequences/Sequence.js
726 silly gunzTarPerm modified mode [ 'lib/protocol/sequences/Sequence.js', 420, 436 ]
727 silly gunzTarPerm extractEntry lib/protocol/constants/server_status.js
728 silly gunzTarPerm modified mode [ 'lib/protocol/constants/server_status.js', 420, 436 ]
729 silly gunzTarPerm extractEntry lib/protocol/SqlString.js
730 silly gunzTarPerm modified mode [ 'lib/protocol/SqlString.js', 420, 436 ]
731 silly gunzTarPerm extractEntry lib/protocol/constants/ssl_profiles.js
732 silly gunzTarPerm modified mode [ 'lib/protocol/constants/ssl_profiles.js', 420, 436 ]
733 silly gunzTarPerm extractEntry lib/protocol/packets/SSLRequestPacket.js
734 silly gunzTarPerm modified mode [ 'lib/protocol/packets/SSLRequestPacket.js', 420, 436 ]
735 silly gunzTarPerm extractEntry lib/protocol/sequences/Statistics.js
736 silly gunzTarPerm modified mode [ 'lib/protocol/sequences/Statistics.js', 420, 436 ]
737 silly gunzTarPerm extractEntry lib/protocol/packets/StatisticsPacket.js
738 silly gunzTarPerm modified mode [ 'lib/protocol/packets/StatisticsPacket.js', 420, 436 ]
739 silly gunzTarPerm extractEntry lib/protocol/Timer.js
740 silly gunzTarPerm modified mode [ 'lib/protocol/Timer.js', 420, 436 ]
741 silly gunzTarPerm extractEntry lib/protocol/constants/types.js
742 silly gunzTarPerm modified mode [ 'lib/protocol/constants/types.js', 420, 436 ]
743 silly gunzTarPerm extractEntry lib/protocol/packets/UseOldPasswordPacket.js
744 silly gunzTarPerm modified mode [ 'lib/protocol/packets/UseOldPasswordPacket.js', 420, 436 ]
745 silly gunzTarPerm extractEntry package.json
746 silly gunzTarPerm modified mode [ 'package.json', 420, 436 ]
747 silly gunzTarPerm extractEntry Changes.md
748 silly gunzTarPerm modified mode [ 'Changes.md', 420, 436 ]
749 silly gunzTarPerm extractEntry Readme.md
750 silly gunzTarPerm modified mode [ 'Readme.md', 420, 436 ]
751 silly gentlyRm /home/ebsw/ebsw-API-server/EBSW_test/node_modules/.staging/mysql-286cec7c/node_modules is being purged
752 verbose gentlyRm don't care about contents; nuking /home/ebsw/ebsw-API-server/EBSW_test/node_modules/.staging/mysql-286cec7c/node_modules
753 http fetch 200 https://registry.npmjs.org/json/-/json-10.0.0.tgz
754 silly fetchAndShaCheck shasum c49a939d4abc7067cc225419d5dd17ab7bf2f66c
755 verbose addTmpTarball /tmp/npm-3873-62a032ee/registry.npmjs.org/json/-/json-10.0.0.tgz not in flight; adding
756 verbose addTmpTarball already have metadata; skipping unpack for json@10.0.0
757 verbose unbuild node_modules/.staging/json-7507e198
758 silly gentlyRm /home/ebsw/ebsw-API-server/EBSW_test/node_modules/.staging/json-7507e198 is being purged from base /home/ebsw/ebsw-API-server/EBSW_test
759 verbose gentlyRm don't care about contents; nuking /home/ebsw/ebsw-API-server/EBSW_test/node_modules/.staging/json-7507e198
760 verbose tar unpack /home/ebsw/.npm/json/10.0.0/package.tgz
761 verbose tar unpacking to /home/ebsw/ebsw-API-server/EBSW_test/node_modules/.staging/json-7507e198
762 silly gentlyRm /home/ebsw/ebsw-API-server/EBSW_test/node_modules/.staging/json-7507e198 is being purged
763 verbose gentlyRm don't care about contents; nuking /home/ebsw/ebsw-API-server/EBSW_test/node_modules/.staging/json-7507e198
764 silly gunzTarPerm modes [ '775', '664' ]
765 silly gunzTarPerm extractEntry .gitmodules
766 silly gunzTarPerm modified mode [ '.gitmodules', 420, 436 ]
767 silly gunzTarPerm extractEntry .jshintrc
768 silly gunzTarPerm modified mode [ '.jshintrc', 420, 436 ]
769 silly gunzTarPerm extractEntry man/man1/json.1
770 silly gunzTarPerm modified mode [ 'man/man1/json.1', 420, 436 ]
771 silly gunzTarPerm extractEntry lib/json.js
772 silly gunzTarPerm modified mode [ 'lib/json.js', 493, 509 ]
773 silly gunzTarPerm extractEntry package.json
774 silly gunzTarPerm modified mode [ 'package.json', 420, 436 ]
775 silly gunzTarPerm extractEntry CHANGES.md
776 silly gunzTarPerm modified mode [ 'CHANGES.md', 420, 436 ]
777 silly gunzTarPerm extractEntry README.md
778 silly gunzTarPerm modified mode [ 'README.md', 420, 436 ]
779 silly gunzTarPerm extractEntry LICENSE.txt
780 silly gunzTarPerm modified mode [ 'LICENSE.txt', 420, 436 ]
781 silly gentlyRm /home/ebsw/ebsw-API-server/EBSW_test/node_modules/.staging/json-7507e198/node_modules is being purged
782 verbose gentlyRm don't care about contents; nuking /home/ebsw/ebsw-API-server/EBSW_test/node_modules/.staging/json-7507e198/node_modules
783 silly doParallel preinstall 9
784 silly preinstall body-parser@1.19.0 /home/ebsw/ebsw-API-server/EBSW_test/node_modules/.staging/body-parser-8940414c
785 info lifecycle body-parser@1.19.0~preinstall: body-parser@1.19.0
786 silly preinstall process@0.11.10 /home/ebsw/ebsw-API-server/EBSW_test/node_modules/.staging/process-60be742d
787 info lifecycle process@0.11.10~preinstall: process@0.11.10
788 silly preinstall util@0.10.4 /home/ebsw/ebsw-API-server/EBSW_test/node_modules/.staging/util-16206f7a
789 info lifecycle util@0.10.4~preinstall: util@0.10.4
790 silly preinstall express@4.17.1 /home/ebsw/ebsw-API-server/EBSW_test/node_modules/.staging/express-b5a53f65
791 info lifecycle express@4.17.1~preinstall: express@4.17.1
792 silly preinstall json@10.0.0 /home/ebsw/ebsw-API-server/EBSW_test/node_modules/.staging/json-7507e198
793 info lifecycle json@10.0.0~preinstall: json@10.0.0
794 silly preinstall mysql@2.18.1 /home/ebsw/ebsw-API-server/EBSW_test/node_modules/.staging/mysql-286cec7c
795 info lifecycle mysql@2.18.1~preinstall: mysql@2.18.1
796 silly preinstall path@0.12.7 /home/ebsw/ebsw-API-server/EBSW_test/node_modules/.staging/path-7172d858
797 info lifecycle path@0.12.7~preinstall: path@0.12.7
798 silly preinstall request@2.88.2 /home/ebsw/ebsw-API-server/EBSW_test/node_modules/.staging/request-c80a2408
799 info lifecycle request@2.88.2~preinstall: request@2.88.2
800 silly preinstall xml-js@1.6.11 /home/ebsw/ebsw-API-server/EBSW_test/node_modules/.staging/xml-js-d62d8a9b
801 info lifecycle xml-js@1.6.11~preinstall: xml-js@1.6.11
802 silly lifecycle body-parser@1.19.0~preinstall: no script for preinstall, continuing
803 silly lifecycle process@0.11.10~preinstall: no script for preinstall, continuing
804 silly lifecycle util@0.10.4~preinstall: no script for preinstall, continuing
805 silly lifecycle express@4.17.1~preinstall: no script for preinstall, continuing
806 silly lifecycle json@10.0.0~preinstall: no script for preinstall, continuing
807 silly lifecycle mysql@2.18.1~preinstall: no script for preinstall, continuing
808 silly lifecycle path@0.12.7~preinstall: no script for preinstall, continuing
809 silly lifecycle request@2.88.2~preinstall: no script for preinstall, continuing
810 silly lifecycle xml-js@1.6.11~preinstall: no script for preinstall, continuing
811 silly doReverseSerial remove 0
812 silly doSerial move 0
813 silly doSerial finalize 9
814 silly finalize /home/ebsw/ebsw-API-server/EBSW_test/node_modules/body-parser
815 silly finalize /home/ebsw/ebsw-API-server/EBSW_test/node_modules/process
816 silly finalize /home/ebsw/ebsw-API-server/EBSW_test/node_modules/util
817 silly finalize /home/ebsw/ebsw-API-server/EBSW_test/node_modules/express
818 silly finalize /home/ebsw/ebsw-API-server/EBSW_test/node_modules/json
819 silly finalize /home/ebsw/ebsw-API-server/EBSW_test/node_modules/mysql
820 silly finalize /home/ebsw/ebsw-API-server/EBSW_test/node_modules/path
821 silly finalize /home/ebsw/ebsw-API-server/EBSW_test/node_modules/request
822 verbose unlock done using /home/ebsw/.npm/_locks/staging-622fe324be05f966.lock for /home/ebsw/ebsw-API-server/EBSW_test/node_modules/.staging
823 silly rollbackFailedOptional Starting
824 silly rollbackFailedOptional Finishing
825 silly runTopLevelLifecycles Starting
826 silly runTopLevelLifecycles Finishing
827 silly install printInstalled
828 warn ebsw2020api@1.0.0 No description
829 warn ebsw2020api@1.0.0 No repository field.
830 verbose stack Error: EACCES: permission denied, rename '/home/ebsw/ebsw-API-server/EBSW_test/node_modules/.request.DELETE/node_modules/qs' -> '/home/ebsw/ebsw-API-server/EBSW_test/node_modules/request/node_modules/qs'
830 verbose stack     at /usr/share/npm/lib/install/action/finalize.js:64:7
830 verbose stack     at /usr/share/npm/node_modules/slide/lib/async-map.js:52:35
830 verbose stack     at Array.forEach (<anonymous>)
830 verbose stack     at /usr/share/npm/node_modules/slide/lib/async-map.js:52:11
830 verbose stack     at Array.forEach (<anonymous>)
830 verbose stack     at asyncMap (/usr/share/npm/node_modules/slide/lib/async-map.js:51:8)
830 verbose stack     at moveModules (/usr/share/npm/lib/install/action/finalize.js:61:5)
830 verbose stack     at /usr/share/npm/lib/install/action/finalize.js:56:70
830 verbose stack     at /usr/share/npm/node_modules/mkdirp/index.js:30:20
830 verbose stack     at FSReqWrap.oncomplete (fs.js:135:15)
830 verbose stack
830 verbose stack Error: EACCES: permission denied, rename '/home/ebsw/ebsw-API-server/EBSW_test/node_modules/.request.DELETE/node_modules/qs' -> '/home/ebsw/ebsw-API-server/EBSW_test/node_modules/request/node_modules/qs'
831 verbose cwd /home/ebsw/ebsw-API-server/EBSW_test
832 error Linux 5.4.0-48-generic
833 error argv "/usr/bin/node" "/usr/bin/npm" "install" "path" "--save"
834 error node v8.10.0
835 error npm  v3.5.2
836 error path /home/ebsw/ebsw-API-server/EBSW_test/node_modules/.request.DELETE/node_modules/qs
837 error code EACCES
838 error errno -13
839 error syscall rename
840 error Error: EACCES: permission denied, rename '/home/ebsw/ebsw-API-server/EBSW_test/node_modules/.request.DELETE/node_modules/qs' -> '/home/ebsw/ebsw-API-server/EBSW_test/node_modules/request/node_modules/qs'
840 error     at /usr/share/npm/lib/install/action/finalize.js:64:7
840 error     at /usr/share/npm/node_modules/slide/lib/async-map.js:52:35
840 error     at Array.forEach (<anonymous>)
840 error     at /usr/share/npm/node_modules/slide/lib/async-map.js:52:11
840 error     at Array.forEach (<anonymous>)
840 error     at asyncMap (/usr/share/npm/node_modules/slide/lib/async-map.js:51:8)
840 error     at moveModules (/usr/share/npm/lib/install/action/finalize.js:61:5)
840 error     at /usr/share/npm/lib/install/action/finalize.js:56:70
840 error     at /usr/share/npm/node_modules/mkdirp/index.js:30:20
840 error     at FSReqWrap.oncomplete (fs.js:135:15)
840 error
840 error Error: EACCES: permission denied, rename '/home/ebsw/ebsw-API-server/EBSW_test/node_modules/.request.DELETE/node_modules/qs' -> '/home/ebsw/ebsw-API-server/EBSW_test/node_modules/request/node_modules/qs'
840 error  { Error: EACCES: permission denied, rename '/home/ebsw/ebsw-API-server/EBSW_test/node_modules/.request.DELETE/node_modules/qs' -> '/home/ebsw/ebsw-API-server/EBSW_test/node_modules/request/node_modules/qs'
840 error     at /usr/share/npm/lib/install/action/finalize.js:64:7
840 error     at /usr/share/npm/node_modules/slide/lib/async-map.js:52:35
840 error     at Array.forEach (<anonymous>)
840 error     at /usr/share/npm/node_modules/slide/lib/async-map.js:52:11
840 error     at Array.forEach (<anonymous>)
840 error     at asyncMap (/usr/share/npm/node_modules/slide/lib/async-map.js:51:8)
840 error     at moveModules (/usr/share/npm/lib/install/action/finalize.js:61:5)
840 error     at /usr/share/npm/lib/install/action/finalize.js:56:70
840 error     at /usr/share/npm/node_modules/mkdirp/index.js:30:20
840 error     at FSReqWrap.oncomplete (fs.js:135:15)
840 error
840 error Error: EACCES: permission denied, rename '/home/ebsw/ebsw-API-server/EBSW_test/node_modules/.request.DELETE/node_modules/qs' -> '/home/ebsw/ebsw-API-server/EBSW_test/node_modules/request/node_modules/qs' parent: 'ebsw2020api' }
841 error Please try running this command again as root/Administrator.
842 verbose exit [ -13, true ]
